[INFO] Scanning for projects...
[INFO] ------------------------------------------------------------------------
[INFO] Reactor Build Order:
[INFO] 
[INFO] AllureTestFramework
[INFO] AllureTestFramework - Test core - Module
[INFO] AllureTestFramework - Selenium - Module
[INFO]                                                                         
[INFO] ------------------------------------------------------------------------
[INFO] Building AllureTestFramework 1.0.0
[INFO] ------------------------------------------------------------------------
[INFO] 
[INFO] --- maven-site-plugin:3.3:site (default-site) @ allure-test-framework ---
[INFO] configuring report plugin ru.yandex.qatools.allure:allure-maven-plugin:2.6
[INFO] configuring report plugin org.apache.maven.plugins:maven-javadoc-plugin:3.0.0
[INFO] 
[INFO] >>> maven-javadoc-plugin:3.0.0:aggregate (report:aggregate) > compile @ allure-test-framework >>>
[INFO]                                                                         
[INFO] >>>>>>>>>>>>>>>>>>>>>>>>>>>>>>>>>>>>>>>>>>>>>>>>>>>>>>>>>>>>>>>>>>>>>>>>
[INFO] Forking AllureTestFramework - Test core - Module 1.0.0
[INFO] >>>>>>>>>>>>>>>>>>>>>>>>>>>>>>>>>>>>>>>>>>>>>>>>>>>>>>>>>>>>>>>>>>>>>>>>
[INFO] 
[INFO] --- maven-resources-plugin:2.6:resources (default-resources) @ allure-core-module ---
[INFO] Using 'UTF8' encoding to copy filtered resources.
[INFO] skip non existing resourceDirectory C:\Repo\devonfw-testing\allure-framework-modules\allure-core-module\src\main\resources
[INFO] 
[INFO] --- maven-compiler-plugin:3.6.1:compile (default-compile) @ allure-core-module ---
[INFO] Nothing to compile - all classes are up to date
[INFO]                                                                         
[INFO] >>>>>>>>>>>>>>>>>>>>>>>>>>>>>>>>>>>>>>>>>>>>>>>>>>>>>>>>>>>>>>>>>>>>>>>>
[INFO] Forking AllureTestFramework - Selenium - Module 1.0.0
[INFO] >>>>>>>>>>>>>>>>>>>>>>>>>>>>>>>>>>>>>>>>>>>>>>>>>>>>>>>>>>>>>>>>>>>>>>>>
[INFO] 
[INFO] --- maven-resources-plugin:2.6:resources (default-resources) @ allure-selenium-module ---
[INFO] Using 'UTF8' encoding to copy filtered resources.
[INFO] skip non existing resourceDirectory C:\Repo\devonfw-testing\allure-framework-modules\allure-selenium-module\src\main\resources
[INFO] 
[INFO] --- maven-compiler-plugin:3.6.1:compile (default-compile) @ allure-selenium-module ---
[INFO] Nothing to compile - all classes are up to date
[INFO] 
[INFO] <<< maven-javadoc-plugin:3.0.0:aggregate (report:aggregate) < compile @ allure-test-framework <<<
[INFO] 
[INFO] >>> maven-javadoc-plugin:3.0.0:javadoc (report:javadoc) > generate-sources @ allure-test-framework >>>
[INFO] 
[INFO] <<< maven-javadoc-plugin:3.0.0:javadoc (report:javadoc) < generate-sources @ allure-test-framework <<<
[INFO] 
[INFO] >>> maven-javadoc-plugin:3.0.0:test-aggregate (report:test-aggregate) > test-compile @ allure-test-framework >>>
[INFO]                                                                         
[INFO] >>>>>>>>>>>>>>>>>>>>>>>>>>>>>>>>>>>>>>>>>>>>>>>>>>>>>>>>>>>>>>>>>>>>>>>>
[INFO] Forking AllureTestFramework - Test core - Module 1.0.0
[INFO] >>>>>>>>>>>>>>>>>>>>>>>>>>>>>>>>>>>>>>>>>>>>>>>>>>>>>>>>>>>>>>>>>>>>>>>>
[INFO] 
[INFO] --- maven-resources-plugin:2.6:resources (default-resources) @ allure-core-module ---
[INFO] Using 'UTF8' encoding to copy filtered resources.
[INFO] skip non existing resourceDirectory C:\Repo\devonfw-testing\allure-framework-modules\allure-core-module\src\main\resources
[INFO] 
[INFO] --- maven-compiler-plugin:3.6.1:compile (default-compile) @ allure-core-module ---
[INFO] Nothing to compile - all classes are up to date
[INFO] 
[INFO] --- maven-resources-plugin:2.6:testResources (default-testResources) @ allure-core-module ---
[INFO] Using 'UTF8' encoding to copy filtered resources.
[INFO] Copying 1 resource
[INFO] 
[INFO] --- maven-compiler-plugin:3.6.1:testCompile (default-testCompile) @ allure-core-module ---
[INFO] Nothing to compile - all classes are up to date
[INFO]                                                                         
[INFO] >>>>>>>>>>>>>>>>>>>>>>>>>>>>>>>>>>>>>>>>>>>>>>>>>>>>>>>>>>>>>>>>>>>>>>>>
[INFO] Forking AllureTestFramework - Selenium - Module 1.0.0
[INFO] >>>>>>>>>>>>>>>>>>>>>>>>>>>>>>>>>>>>>>>>>>>>>>>>>>>>>>>>>>>>>>>>>>>>>>>>
[INFO] 
[INFO] --- maven-resources-plugin:2.6:resources (default-resources) @ allure-selenium-module ---
[INFO] Using 'UTF8' encoding to copy filtered resources.
[INFO] skip non existing resourceDirectory C:\Repo\devonfw-testing\allure-framework-modules\allure-selenium-module\src\main\resources
[INFO] 
[INFO] --- maven-compiler-plugin:3.6.1:compile (default-compile) @ allure-selenium-module ---
[INFO] Nothing to compile - all classes are up to date
[INFO] 
[INFO] --- maven-resources-plugin:2.6:testResources (default-testResources) @ allure-selenium-module ---
[INFO] Using 'UTF8' encoding to copy filtered resources.
[INFO] Copying 1 resource
[INFO] 
[INFO] --- maven-compiler-plugin:3.6.1:testCompile (default-testCompile) @ allure-selenium-module ---
[INFO] Nothing to compile - all classes are up to date
[INFO] 
[INFO] <<< maven-javadoc-plugin:3.0.0:test-aggregate (report:test-aggregate) < test-compile @ allure-test-framework <<<
[INFO] 
[INFO] >>> maven-javadoc-plugin:3.0.0:test-javadoc (report:test-javadoc) > generate-test-sources @ allure-test-framework >>>
[INFO] 
[INFO] <<< maven-javadoc-plugin:3.0.0:test-javadoc (report:test-javadoc) < generate-test-sources @ allure-test-framework <<<
[INFO] Relativizing decoration links with respect to project URL: https://github.com/devonfw/devonfw-testing
[INFO] Rendering site with org.apache.maven.skins:maven-default-skin:jar:1.0 skin.
[INFO] Skipped "Allure" report, file "allure-maven-plugin.html" already exists for the English version.
[INFO] Skipped "Allure" report, file "allure-maven-plugin.html" already exists for the English version.
[INFO] Generating "Allure" report    --- allure-maven-plugin:2.6
[INFO] Generate Allure report (aggregate) with version 1.5.4
[INFO] Generate Allure report to C:\Repo\devonfw-testing\allure-framework-modules/target//site/allure-report
[WARNING] Results directory for module AllureTestFramework not found.
[WARNING] Results directory for module AllureTestFramework - Test core - Module not found.
[WARNING] Results directory for module AllureTestFramework - Selenium - Module not found.
[WARNING] Allure report was skipped because there is no results directories found.
[INFO] Generating "Javadoc" report    --- maven-javadoc-plugin:3.0.0
[ERROR] no module descriptor for com.capgemini.ntc:allure-test-framework
[ERROR] no module descriptor for com.capgemini.ntc:allure-core-module
[ERROR] no module descriptor for com.capgemini.ntc:allure-selenium-module
[INFO] 
Loading source files for package com.capgemini.ntc.test.core.analytics...
Loading source files for package com.capgemini.ntc.test.core.base.environment...
Loading source files for package com.capgemini.ntc.test.core.base.environment.providers...
Loading source files for package com.capgemini.ntc.test.core.base.runtime...
Loading source files for package com.capgemini.ntc.test.core.base.user...
Loading source files for package com.capgemini.ntc.test.core...
Loading source files for package com.capgemini.ntc.test.core.exceptions...
Loading source files for package com.capgemini.ntc.test.core.logger...
Loading source files for package com.capgemini.ntc.test.core.testRunners.core...
Loading source files for package com.capgemini.ntc.test.core.testRunners...
Loading source files for package com.capgemini.ntc.test.core.utils.datadriven.json...
Loading source files for package com.capgemini.ntc.test.core.utils.datadriven...
Loading source files for package com.capgemini.ntc.test.core.utils.junitoolboxpi...
Loading source files for package com.capgemini.ntc.test.core.utils...
Loading source files for package com.capgemini.ntc.selenium.core.base.properties...
Loading source files for package com.capgemini.ntc.selenium.core.base.runtime...
Loading source files for package com.capgemini.ntc.selenium.core...
Loading source files for package com.capgemini.ntc.selenium.core.enums...
Loading source files for package com.capgemini.ntc.selenium.core.exceptions...
Loading source files for package com.capgemini.ntc.selenium.core.newDrivers...
Loading source files for package com.capgemini.ntc.selenium.core.newDrivers.elementType...
Loading source files for package com.capgemini.ntc.selenium.core.utils...
Loading source files for package com.capgemini.ntc.selenium.core.webdriver...
Loading source files for package com.capgemini.ntc.selenium.download...
Loading source files for package com.capgemini.ntc.selenium.jsoupHelper...
Constructing Javadoc information...
Standard Doclet version 1.8.0_60
Building tree for all the packages and classes...
Generating C:\Repo\devonfw-testing\allure-framework-modules\target\site\apidocs\com\capgemini\ntc\test\core\analytics\AnalyticsCore.html...
Generating C:\Repo\devonfw-testing\allure-framework-modules\target\site\apidocs\com\capgemini\ntc\test\core\analytics\IAnalytics.html...
Generating C:\Repo\devonfw-testing\allure-framework-modules\target\site\apidocs\com\capgemini\ntc\test\core\base\environment\EnvironmentModule.html...
Generating C:\Repo\devonfw-testing\allure-framework-modules\target\site\apidocs\com\capgemini\ntc\test\core\base\environment\GetEnvironmentParam.html...
Generating C:\Repo\devonfw-testing\allure-framework-modules\target\site\apidocs\com\capgemini\ntc\test\core\base\environment\IEnvironmentService.html...
Generating C:\Repo\devonfw-testing\allure-framework-modules\target\site\apidocs\com\capgemini\ntc\test\core\base\environment\providers\SpreadsheetEnvironmentService.html...
Generating C:\Repo\devonfw-testing\allure-framework-modules\target\site\apidocs\com\capgemini\ntc\test\core\base\runtime\RuntimeParametersCore.html...
Generating C:\Repo\devonfw-testing\allure-framework-modules\target\site\apidocs\com\capgemini\ntc\test\core\base\runtime\RuntimeParametersI.html...
Generating C:\Repo\devonfw-testing\allure-framework-modules\target\site\apidocs\com\capgemini\ntc\test\core\base\user\AccountData.html...
Generating C:\Repo\devonfw-testing\allure-framework-modules\target\site\apidocs\com\capgemini\ntc\test\core\base\user\AvailableUsers.html...
Generating C:\Repo\devonfw-testing\allure-framework-modules\target\site\apidocs\com\capgemini\ntc\test\core\base\user\MapUserFile.html...
Generating C:\Repo\devonfw-testing\allure-framework-modules\target\site\apidocs\com\capgemini\ntc\test\core\base\user\UserAccountPredicate.html...
Generating C:\Repo\devonfw-testing\allure-framework-modules\target\site\apidocs\com\capgemini\ntc\test\core\base\user\UserData.html...
Generating C:\Repo\devonfw-testing\allure-framework-modules\target\site\apidocs\com\capgemini\ntc\test\core\base\user\UserProvider.html...
Generating C:\Repo\devonfw-testing\allure-framework-modules\target\site\apidocs\com\capgemini\ntc\test\core\base\user\UserProviderException.html...
Generating C:\Repo\devonfw-testing\allure-framework-modules\target\site\apidocs\com\capgemini\ntc\test\core\BaseTest.html...
Generating C:\Repo\devonfw-testing\allure-framework-modules\target\site\apidocs\com\capgemini\ntc\test\core\BaseTestWatcher.html...
Generating C:\Repo\devonfw-testing\allure-framework-modules\target\site\apidocs\com\capgemini\ntc\test\core\BaseTestWatcher.TestClassRule.html...
Generating C:\Repo\devonfw-testing\allure-framework-modules\target\site\apidocs\com\capgemini\ntc\test\core\IBaseTest.html...
Generating C:\Repo\devonfw-testing\allure-framework-modules\target\site\apidocs\com\capgemini\ntc\test\core\ITestObserver.html...
Generating C:\Repo\devonfw-testing\allure-framework-modules\target\site\apidocs\com\capgemini\ntc\test\core\SecuredProperties.html...
Generating C:\Repo\devonfw-testing\allure-framework-modules\target\site\apidocs\com\capgemini\ntc\test\core\exceptions\BFInputDataException.html...
Generating C:\Repo\devonfw-testing\allure-framework-modules\target\site\apidocs\com\capgemini\ntc\test\core\exceptions\BFWaitingTimeoutException.html...
Generating C:\Repo\devonfw-testing\allure-framework-modules\target\site\apidocs\com\capgemini\ntc\test\core\logger\BFLogger.html...
Generating C:\Repo\devonfw-testing\allure-framework-modules\target\site\apidocs\com\capgemini\ntc\test\core\logger\BFLogger.RestrictedMethods.html...
Generating C:\Repo\devonfw-testing\allure-framework-modules\target\site\apidocs\com\capgemini\ntc\test\core\logger\BFLoggerInstance.html...
Generating C:\Repo\devonfw-testing\allure-framework-modules\target\site\apidocs\com\capgemini\ntc\test\core\logger\EnvironmentLevel.html...
Generating C:\Repo\devonfw-testing\allure-framework-modules\target\site\apidocs\com\capgemini\ntc\test\core\testRunners\core\BlockJUnit4ClassRunner.html...
Generating C:\Repo\devonfw-testing\allure-framework-modules\target\site\apidocs\com\capgemini\ntc\test\core\testRunners\core\CustomRunAfters.html...
Generating C:\Repo\devonfw-testing\allure-framework-modules\target\site\apidocs\com\capgemini\ntc\test\core\testRunners\core\ParametrizedTestMethodsFilter.html...
Generating C:\Repo\devonfw-testing\allure-framework-modules\target\site\apidocs\com\capgemini\ntc\test\core\testRunners\ParallelParameterized.html...
Generating C:\Repo\devonfw-testing\allure-framework-modules\target\site\apidocs\com\capgemini\ntc\test\core\testRunners\ParallelTestClassRunner.html...
Generating C:\Repo\devonfw-testing\allure-framework-modules\target\site\apidocs\com\capgemini\ntc\test\core\utils\datadriven\json\JsonReader.html...
Generating C:\Repo\devonfw-testing\allure-framework-modules\target\site\apidocs\com\capgemini\ntc\test\core\utils\datadriven\JsonDriven.html...
Generating C:\Repo\devonfw-testing\allure-framework-modules\target\site\apidocs\com\capgemini\ntc\test\core\utils\junitoolboxpi\WildcardPatternSuiteBF.html...
Generating C:\Repo\devonfw-testing\allure-framework-modules\target\site\apidocs\com\capgemini\ntc\test\core\utils\NumberUtils.html...
Generating C:\Repo\devonfw-testing\allure-framework-modules\target\site\apidocs\com\capgemini\ntc\test\core\utils\StringComparator.html...
Generating C:\Repo\devonfw-testing\allure-framework-modules\target\site\apidocs\com\capgemini\ntc\selenium\core\base\properties\PropertiesSelenium.html...
Generating C:\Repo\devonfw-testing\allure-framework-modules\target\site\apidocs\com\capgemini\ntc\selenium\core\base\properties\PropertiesSettingsModule.html...
Generating C:\Repo\devonfw-testing\allure-framework-modules\target\site\apidocs\com\capgemini\ntc\selenium\core\base\runtime\RuntimeParametersSelenium.html...
Generating C:\Repo\devonfw-testing\allure-framework-modules\target\site\apidocs\com\capgemini\ntc\selenium\core\base\runtime\SystemRuntimeParameters.html...
Generating C:\Repo\devonfw-testing\allure-framework-modules\target\site\apidocs\com\capgemini\ntc\selenium\core\BasePage.html...
Generating C:\Repo\devonfw-testing\allure-framework-modules\target\site\apidocs\com\capgemini\ntc\selenium\core\IBasePage.html...
Generating C:\Repo\devonfw-testing\allure-framework-modules\target\site\apidocs\com\capgemini\ntc\selenium\core\Url.html...
Generating C:\Repo\devonfw-testing\allure-framework-modules\target\site\apidocs\com\capgemini\ntc\selenium\core\enums\ColorsEnum.html...
Generating C:\Repo\devonfw-testing\allure-framework-modules\target\site\apidocs\com\capgemini\ntc\selenium\core\enums\EdgesEnum.html...
Generating C:\Repo\devonfw-testing\allure-framework-modules\target\site\apidocs\com\capgemini\ntc\selenium\core\enums\IResolutionList.html...
Generating C:\Repo\devonfw-testing\allure-framework-modules\target\site\apidocs\com\capgemini\ntc\selenium\core\enums\PageSubURLsEnum.html...
Generating C:\Repo\devonfw-testing\allure-framework-modules\target\site\apidocs\com\capgemini\ntc\selenium\core\enums\RelatedPositionEnum.html...
Generating C:\Repo\devonfw-testing\allure-framework-modules\target\site\apidocs\com\capgemini\ntc\selenium\core\enums\ResolutionEnum.html...
Generating C:\Repo\devonfw-testing\allure-framework-modules\target\site\apidocs\com\capgemini\ntc\selenium\core\enums\SubUrl.html...
Generating C:\Repo\devonfw-testing\allure-framework-modules\target\site\apidocs\com\capgemini\ntc\selenium\core\exceptions\BFComponentStateException.html...
Generating C:\Repo\devonfw-testing\allure-framework-modules\target\site\apidocs\com\capgemini\ntc\selenium\core\exceptions\BFElementNotFoundException.html...
Generating C:\Repo\devonfw-testing\allure-framework-modules\target\site\apidocs\com\capgemini\ntc\selenium\core\exceptions\BFInitializationException.html...
Generating C:\Repo\devonfw-testing\allure-framework-modules\target\site\apidocs\com\capgemini\ntc\selenium\core\exceptions\BFRobotInitilizationException.html...
Generating C:\Repo\devonfw-testing\allure-framework-modules\target\site\apidocs\com\capgemini\ntc\selenium\core\exceptions\BFSeleniumGridNotConnectedException.html...
Generating C:\Repo\devonfw-testing\allure-framework-modules\target\site\apidocs\com\capgemini\ntc\selenium\core\exceptions\BFWaittingForBrowserWindowsException.html...
Generating C:\Repo\devonfw-testing\allure-framework-modules\target\site\apidocs\com\capgemini\ntc\selenium\core\newDrivers\DriverExtention.html...
Generating C:\Repo\devonfw-testing\allure-framework-modules\target\site\apidocs\com\capgemini\ntc\selenium\core\newDrivers\DriverManager.html...
Generating C:\Repo\devonfw-testing\allure-framework-modules\target\site\apidocs\com\capgemini\ntc\selenium\core\newDrivers\IDriverManager.html...
Generating C:\Repo\devonfw-testing\allure-framework-modules\target\site\apidocs\com\capgemini\ntc\selenium\core\newDrivers\INewWebDriver.html...
Generating C:\Repo\devonfw-testing\allure-framework-modules\target\site\apidocs\com\capgemini\ntc\selenium\core\newDrivers\NewChromeDriver.html...
Generating C:\Repo\devonfw-testing\allure-framework-modules\target\site\apidocs\com\capgemini\ntc\selenium\core\newDrivers\NewFirefoxDriver.html...
Generating C:\Repo\devonfw-testing\allure-framework-modules\target\site\apidocs\com\capgemini\ntc\selenium\core\newDrivers\NewInternetExplorerDriver.html...
Generating C:\Repo\devonfw-testing\allure-framework-modules\target\site\apidocs\com\capgemini\ntc\selenium\core\newDrivers\NewPhantomJSDriver.html...
Generating C:\Repo\devonfw-testing\allure-framework-modules\target\site\apidocs\com\capgemini\ntc\selenium\core\newDrivers\NewRemoteWebDriver.html...
Generating C:\Repo\devonfw-testing\allure-framework-modules\target\site\apidocs\com\capgemini\ntc\selenium\core\newDrivers\NewRemoteWebElement.html...
Generating C:\Repo\devonfw-testing\allure-framework-modules\target\site\apidocs\com\capgemini\ntc\selenium\core\newDrivers\elementType\BasicElement.html...
Generating C:\Repo\devonfw-testing\allure-framework-modules\target\site\apidocs\com\capgemini\ntc\selenium\core\newDrivers\elementType\Button.html...
Generating C:\Repo\devonfw-testing\allure-framework-modules\target\site\apidocs\com\capgemini\ntc\selenium\core\newDrivers\elementType\CheckBox.html...
Generating C:\Repo\devonfw-testing\allure-framework-modules\target\site\apidocs\com\capgemini\ntc\selenium\core\newDrivers\elementType\DropdownListElement.html...
Generating C:\Repo\devonfw-testing\allure-framework-modules\target\site\apidocs\com\capgemini\ntc\selenium\core\newDrivers\elementType\IBasicElement.html...
Generating C:\Repo\devonfw-testing\allure-framework-modules\target\site\apidocs\com\capgemini\ntc\selenium\core\newDrivers\elementType\IFrame.html...
Generating C:\Repo\devonfw-testing\allure-framework-modules\target\site\apidocs\com\capgemini\ntc\selenium\core\newDrivers\elementType\InputTextElement.html...
Generating C:\Repo\devonfw-testing\allure-framework-modules\target\site\apidocs\com\capgemini\ntc\selenium\core\newDrivers\elementType\LabelElement.html...
Generating C:\Repo\devonfw-testing\allure-framework-modules\target\site\apidocs\com\capgemini\ntc\selenium\core\newDrivers\elementType\ListElements.html...
Generating C:\Repo\devonfw-testing\allure-framework-modules\target\site\apidocs\com\capgemini\ntc\selenium\core\newDrivers\elementType\MenuElement.html...
Generating C:\Repo\devonfw-testing\allure-framework-modules\target\site\apidocs\com\capgemini\ntc\selenium\core\newDrivers\elementType\NavigationBarElement.html...
Generating C:\Repo\devonfw-testing\allure-framework-modules\target\site\apidocs\com\capgemini\ntc\selenium\core\newDrivers\elementType\RadioButtonElement.html...
Generating C:\Repo\devonfw-testing\allure-framework-modules\target\site\apidocs\com\capgemini\ntc\selenium\core\newDrivers\elementType\TabElement.html...
Generating C:\Repo\devonfw-testing\allure-framework-modules\target\site\apidocs\com\capgemini\ntc\selenium\core\newDrivers\elementType\TooltipElement.html...
Generating C:\Repo\devonfw-testing\allure-framework-modules\target\site\apidocs\com\capgemini\ntc\selenium\core\utils\ColorsUtils.html...
Generating C:\Repo\devonfw-testing\allure-framework-modules\target\site\apidocs\com\capgemini\ntc\selenium\core\utils\DateUtils.html...
Generating C:\Repo\devonfw-testing\allure-framework-modules\target\site\apidocs\com\capgemini\ntc\selenium\core\utils\ElementPositionUtils.html...
Generating C:\Repo\devonfw-testing\allure-framework-modules\target\site\apidocs\com\capgemini\ntc\selenium\core\utils\IColorValidator.html...
Generating C:\Repo\devonfw-testing\allure-framework-modules\target\site\apidocs\com\capgemini\ntc\selenium\core\utils\ImageUtils.html...
Generating C:\Repo\devonfw-testing\allure-framework-modules\target\site\apidocs\com\capgemini\ntc\selenium\core\utils\ParsingHelper.html...
Generating C:\Repo\devonfw-testing\allure-framework-modules\target\site\apidocs\com\capgemini\ntc\selenium\core\utils\ResolutionUtils.html...
Generating C:\Repo\devonfw-testing\allure-framework-modules\target\site\apidocs\com\capgemini\ntc\selenium\core\utils\ScrollUtils.html...
Generating C:\Repo\devonfw-testing\allure-framework-modules\target\site\apidocs\com\capgemini\ntc\selenium\core\utils\StringUtils.html...
Generating C:\Repo\devonfw-testing\allure-framework-modules\target\site\apidocs\com\capgemini\ntc\selenium\core\utils\TestUtils.html...
Generating C:\Repo\devonfw-testing\allure-framework-modules\target\site\apidocs\com\capgemini\ntc\selenium\core\utils\TimeUtills.html...
Generating C:\Repo\devonfw-testing\allure-framework-modules\target\site\apidocs\com\capgemini\ntc\selenium\core\utils\Utility.html...
Generating C:\Repo\devonfw-testing\allure-framework-modules\target\site\apidocs\com\capgemini\ntc\selenium\core\utils\Utility.SortOrder.html...
Generating C:\Repo\devonfw-testing\allure-framework-modules\target\site\apidocs\com\capgemini\ntc\selenium\core\utils\WebElementUtils.html...
Generating C:\Repo\devonfw-testing\allure-framework-modules\target\site\apidocs\com\capgemini\ntc\selenium\core\utils\WindowUtils.html...
Generating C:\Repo\devonfw-testing\allure-framework-modules\target\site\apidocs\com\capgemini\ntc\selenium\core\webdriver\WdUtility.html...
Generating C:\Repo\devonfw-testing\allure-framework-modules\target\site\apidocs\com\capgemini\ntc\selenium\download\CsvAnalyzer.html...
Generating C:\Repo\devonfw-testing\allure-framework-modules\target\site\apidocs\com\capgemini\ntc\selenium\download\DownloadManager.html...
Generating C:\Repo\devonfw-testing\allure-framework-modules\target\site\apidocs\com\capgemini\ntc\selenium\jsoupHelper\JsoupHelper.html...
Generating C:\Repo\devonfw-testing\allure-framework-modules\target\site\apidocs\overview-frame.html...
Generating C:\Repo\devonfw-testing\allure-framework-modules\target\site\apidocs\com\capgemini\ntc\selenium\core\package-frame.html...
Generating C:\Repo\devonfw-testing\allure-framework-modules\target\site\apidocs\com\capgemini\ntc\selenium\core\package-summary.html...
Generating C:\Repo\devonfw-testing\allure-framework-modules\target\site\apidocs\com\capgemini\ntc\selenium\core\package-tree.html...
Generating C:\Repo\devonfw-testing\allure-framework-modules\target\site\apidocs\com\capgemini\ntc\selenium\core\base\properties\package-frame.html...
Generating C:\Repo\devonfw-testing\allure-framework-modules\target\site\apidocs\com\capgemini\ntc\selenium\core\base\properties\package-summary.html...
Generating C:\Repo\devonfw-testing\allure-framework-modules\target\site\apidocs\com\capgemini\ntc\selenium\core\base\properties\package-tree.html...
Generating C:\Repo\devonfw-testing\allure-framework-modules\target\site\apidocs\com\capgemini\ntc\selenium\core\base\runtime\package-frame.html...
Generating C:\Repo\devonfw-testing\allure-framework-modules\target\site\apidocs\com\capgemini\ntc\selenium\core\base\runtime\package-summary.html...
Generating C:\Repo\devonfw-testing\allure-framework-modules\target\site\apidocs\com\capgemini\ntc\selenium\core\base\runtime\package-tree.html...
Generating C:\Repo\devonfw-testing\allure-framework-modules\target\site\apidocs\com\capgemini\ntc\selenium\core\enums\package-frame.html...
Generating C:\Repo\devonfw-testing\allure-framework-modules\target\site\apidocs\com\capgemini\ntc\selenium\core\enums\package-summary.html...
Generating C:\Repo\devonfw-testing\allure-framework-modules\target\site\apidocs\com\capgemini\ntc\selenium\core\enums\package-tree.html...
Generating C:\Repo\devonfw-testing\allure-framework-modules\target\site\apidocs\com\capgemini\ntc\selenium\core\exceptions\package-frame.html...
Generating C:\Repo\devonfw-testing\allure-framework-modules\target\site\apidocs\com\capgemini\ntc\selenium\core\exceptions\package-summary.html...
Generating C:\Repo\devonfw-testing\allure-framework-modules\target\site\apidocs\com\capgemini\ntc\selenium\core\exceptions\package-tree.html...
Generating C:\Repo\devonfw-testing\allure-framework-modules\target\site\apidocs\com\capgemini\ntc\selenium\core\newDrivers\package-frame.html...
Generating C:\Repo\devonfw-testing\allure-framework-modules\target\site\apidocs\com\capgemini\ntc\selenium\core\newDrivers\package-summary.html...
Generating C:\Repo\devonfw-testing\allure-framework-modules\target\site\apidocs\com\capgemini\ntc\selenium\core\newDrivers\package-tree.html...
Generating C:\Repo\devonfw-testing\allure-framework-modules\target\site\apidocs\com\capgemini\ntc\selenium\core\newDrivers\elementType\package-frame.html...
Generating C:\Repo\devonfw-testing\allure-framework-modules\target\site\apidocs\com\capgemini\ntc\selenium\core\newDrivers\elementType\package-summary.html...
Generating C:\Repo\devonfw-testing\allure-framework-modules\target\site\apidocs\com\capgemini\ntc\selenium\core\newDrivers\elementType\package-tree.html...
Generating C:\Repo\devonfw-testing\allure-framework-modules\target\site\apidocs\com\capgemini\ntc\selenium\core\utils\package-frame.html...
Generating C:\Repo\devonfw-testing\allure-framework-modules\target\site\apidocs\com\capgemini\ntc\selenium\core\utils\package-summary.html...
Generating C:\Repo\devonfw-testing\allure-framework-modules\target\site\apidocs\com\capgemini\ntc\selenium\core\utils\package-tree.html...
Generating C:\Repo\devonfw-testing\allure-framework-modules\target\site\apidocs\com\capgemini\ntc\selenium\core\webdriver\package-frame.html...
Generating C:\Repo\devonfw-testing\allure-framework-modules\target\site\apidocs\com\capgemini\ntc\selenium\core\webdriver\package-summary.html...
Generating C:\Repo\devonfw-testing\allure-framework-modules\target\site\apidocs\com\capgemini\ntc\selenium\core\webdriver\package-tree.html...
Generating C:\Repo\devonfw-testing\allure-framework-modules\target\site\apidocs\com\capgemini\ntc\selenium\download\package-frame.html...
Generating C:\Repo\devonfw-testing\allure-framework-modules\target\site\apidocs\com\capgemini\ntc\selenium\download\package-summary.html...
Generating C:\Repo\devonfw-testing\allure-framework-modules\target\site\apidocs\com\capgemini\ntc\selenium\download\package-tree.html...
Generating C:\Repo\devonfw-testing\allure-framework-modules\target\site\apidocs\com\capgemini\ntc\selenium\jsoupHelper\package-frame.html...
Generating C:\Repo\devonfw-testing\allure-framework-modules\target\site\apidocs\com\capgemini\ntc\selenium\jsoupHelper\package-summary.html...
Generating C:\Repo\devonfw-testing\allure-framework-modules\target\site\apidocs\com\capgemini\ntc\selenium\jsoupHelper\package-tree.html...
Generating C:\Repo\devonfw-testing\allure-framework-modules\target\site\apidocs\com\capgemini\ntc\test\core\package-frame.html...
Generating C:\Repo\devonfw-testing\allure-framework-modules\target\site\apidocs\com\capgemini\ntc\test\core\package-summary.html...
Generating C:\Repo\devonfw-testing\allure-framework-modules\target\site\apidocs\com\capgemini\ntc\test\core\package-tree.html...
Generating C:\Repo\devonfw-testing\allure-framework-modules\target\site\apidocs\com\capgemini\ntc\test\core\analytics\package-frame.html...
Generating C:\Repo\devonfw-testing\allure-framework-modules\target\site\apidocs\com\capgemini\ntc\test\core\analytics\package-summary.html...
Generating C:\Repo\devonfw-testing\allure-framework-modules\target\site\apidocs\com\capgemini\ntc\test\core\analytics\package-tree.html...
Generating C:\Repo\devonfw-testing\allure-framework-modules\target\site\apidocs\com\capgemini\ntc\test\core\base\environment\package-frame.html...
Generating C:\Repo\devonfw-testing\allure-framework-modules\target\site\apidocs\com\capgemini\ntc\test\core\base\environment\package-summary.html...
Generating C:\Repo\devonfw-testing\allure-framework-modules\target\site\apidocs\com\capgemini\ntc\test\core\base\environment\package-tree.html...
Generating C:\Repo\devonfw-testing\allure-framework-modules\target\site\apidocs\com\capgemini\ntc\test\core\base\environment\providers\package-frame.html...
Generating C:\Repo\devonfw-testing\allure-framework-modules\target\site\apidocs\com\capgemini\ntc\test\core\base\environment\providers\package-summary.html...
Generating C:\Repo\devonfw-testing\allure-framework-modules\target\site\apidocs\com\capgemini\ntc\test\core\base\environment\providers\package-tree.html...
Generating C:\Repo\devonfw-testing\allure-framework-modules\target\site\apidocs\com\capgemini\ntc\test\core\base\runtime\package-frame.html...
Generating C:\Repo\devonfw-testing\allure-framework-modules\target\site\apidocs\com\capgemini\ntc\test\core\base\runtime\package-summary.html...
Generating C:\Repo\devonfw-testing\allure-framework-modules\target\site\apidocs\com\capgemini\ntc\test\core\base\runtime\package-tree.html...
Generating C:\Repo\devonfw-testing\allure-framework-modules\target\site\apidocs\com\capgemini\ntc\test\core\base\user\package-frame.html...
Generating C:\Repo\devonfw-testing\allure-framework-modules\target\site\apidocs\com\capgemini\ntc\test\core\base\user\package-summary.html...
Generating C:\Repo\devonfw-testing\allure-framework-modules\target\site\apidocs\com\capgemini\ntc\test\core\base\user\package-tree.html...
Generating C:\Repo\devonfw-testing\allure-framework-modules\target\site\apidocs\com\capgemini\ntc\test\core\exceptions\package-frame.html...
Generating C:\Repo\devonfw-testing\allure-framework-modules\target\site\apidocs\com\capgemini\ntc\test\core\exceptions\package-summary.html...
Generating C:\Repo\devonfw-testing\allure-framework-modules\target\site\apidocs\com\capgemini\ntc\test\core\exceptions\package-tree.html...
Generating C:\Repo\devonfw-testing\allure-framework-modules\target\site\apidocs\com\capgemini\ntc\test\core\logger\package-frame.html...
Generating C:\Repo\devonfw-testing\allure-framework-modules\target\site\apidocs\com\capgemini\ntc\test\core\logger\package-summary.html...
Generating C:\Repo\devonfw-testing\allure-framework-modules\target\site\apidocs\com\capgemini\ntc\test\core\logger\package-tree.html...
Generating C:\Repo\devonfw-testing\allure-framework-modules\target\site\apidocs\com\capgemini\ntc\test\core\testRunners\package-frame.html...
Generating C:\Repo\devonfw-testing\allure-framework-modules\target\site\apidocs\com\capgemini\ntc\test\core\testRunners\package-summary.html...
Generating C:\Repo\devonfw-testing\allure-framework-modules\target\site\apidocs\com\capgemini\ntc\test\core\testRunners\package-tree.html...
Generating C:\Repo\devonfw-testing\allure-framework-modules\target\site\apidocs\com\capgemini\ntc\test\core\testRunners\core\package-frame.html...
Generating C:\Repo\devonfw-testing\allure-framework-modules\target\site\apidocs\com\capgemini\ntc\test\core\testRunners\core\package-summary.html...
Generating C:\Repo\devonfw-testing\allure-framework-modules\target\site\apidocs\com\capgemini\ntc\test\core\testRunners\core\package-tree.html...
Generating C:\Repo\devonfw-testing\allure-framework-modules\target\site\apidocs\com\capgemini\ntc\test\core\utils\package-frame.html...
Generating C:\Repo\devonfw-testing\allure-framework-modules\target\site\apidocs\com\capgemini\ntc\test\core\utils\package-summary.html...
Generating C:\Repo\devonfw-testing\allure-framework-modules\target\site\apidocs\com\capgemini\ntc\test\core\utils\package-tree.html...
Generating C:\Repo\devonfw-testing\allure-framework-modules\target\site\apidocs\com\capgemini\ntc\test\core\utils\datadriven\package-frame.html...
Generating C:\Repo\devonfw-testing\allure-framework-modules\target\site\apidocs\com\capgemini\ntc\test\core\utils\datadriven\package-summary.html...
Generating C:\Repo\devonfw-testing\allure-framework-modules\target\site\apidocs\com\capgemini\ntc\test\core\utils\datadriven\package-tree.html...
Generating C:\Repo\devonfw-testing\allure-framework-modules\target\site\apidocs\com\capgemini\ntc\test\core\utils\datadriven\json\package-frame.html...
Generating C:\Repo\devonfw-testing\allure-framework-modules\target\site\apidocs\com\capgemini\ntc\test\core\utils\datadriven\json\package-summary.html...
Generating C:\Repo\devonfw-testing\allure-framework-modules\target\site\apidocs\com\capgemini\ntc\test\core\utils\datadriven\json\package-tree.html...
Generating C:\Repo\devonfw-testing\allure-framework-modules\target\site\apidocs\com\capgemini\ntc\test\core\utils\junitoolboxpi\package-frame.html...
Generating C:\Repo\devonfw-testing\allure-framework-modules\target\site\apidocs\com\capgemini\ntc\test\core\utils\junitoolboxpi\package-summary.html...
Generating C:\Repo\devonfw-testing\allure-framework-modules\target\site\apidocs\com\capgemini\ntc\test\core\utils\junitoolboxpi\package-tree.html...
Generating C:\Repo\devonfw-testing\allure-framework-modules\target\site\apidocs\constant-values.html...
Generating C:\Repo\devonfw-testing\allure-framework-modules\target\site\apidocs\serialized-form.html...
Generating C:\Repo\devonfw-testing\allure-framework-modules\target\site\apidocs\com\capgemini\ntc\test\core\analytics\class-use\IAnalytics.html...
Generating C:\Repo\devonfw-testing\allure-framework-modules\target\site\apidocs\com\capgemini\ntc\test\core\analytics\class-use\AnalyticsCore.html...
Generating C:\Repo\devonfw-testing\allure-framework-modules\target\site\apidocs\com\capgemini\ntc\test\core\base\environment\class-use\IEnvironmentService.html...
Generating C:\Repo\devonfw-testing\allure-framework-modules\target\site\apidocs\com\capgemini\ntc\test\core\base\environment\class-use\GetEnvironmentParam.html...
Generating C:\Repo\devonfw-testing\allure-framework-modules\target\site\apidocs\com\capgemini\ntc\test\core\base\environment\class-use\EnvironmentModule.html...
Generating C:\Repo\devonfw-testing\allure-framework-modules\target\site\apidocs\com\capgemini\ntc\test\core\base\environment\providers\class-use\SpreadsheetEnvironmentService.html...
Generating C:\Repo\devonfw-testing\allure-framework-modules\target\site\apidocs\com\capgemini\ntc\test\core\base\runtime\class-use\RuntimeParametersI.html...
Generating C:\Repo\devonfw-testing\allure-framework-modules\target\site\apidocs\com\capgemini\ntc\test\core\base\runtime\class-use\RuntimeParametersCore.html...
Generating C:\Repo\devonfw-testing\allure-framework-modules\target\site\apidocs\com\capgemini\ntc\test\core\base\user\class-use\UserProviderException.html...
Generating C:\Repo\devonfw-testing\allure-framework-modules\target\site\apidocs\com\capgemini\ntc\test\core\base\user\class-use\UserProvider.html...
Generating C:\Repo\devonfw-testing\allure-framework-modules\target\site\apidocs\com\capgemini\ntc\test\core\base\user\class-use\UserData.html...
Generating C:\Repo\devonfw-testing\allure-framework-modules\target\site\apidocs\com\capgemini\ntc\test\core\base\user\class-use\UserAccountPredicate.html...
Generating C:\Repo\devonfw-testing\allure-framework-modules\target\site\apidocs\com\capgemini\ntc\test\core\base\user\class-use\MapUserFile.html...
Generating C:\Repo\devonfw-testing\allure-framework-modules\target\site\apidocs\com\capgemini\ntc\test\core\base\user\class-use\AvailableUsers.html...
Generating C:\Repo\devonfw-testing\allure-framework-modules\target\site\apidocs\com\capgemini\ntc\test\core\base\user\class-use\AccountData.html...
Generating C:\Repo\devonfw-testing\allure-framework-modules\target\site\apidocs\com\capgemini\ntc\test\core\class-use\SecuredProperties.html...
Generating C:\Repo\devonfw-testing\allure-framework-modules\target\site\apidocs\com\capgemini\ntc\test\core\class-use\ITestObserver.html...
Generating C:\Repo\devonfw-testing\allure-framework-modules\target\site\apidocs\com\capgemini\ntc\test\core\class-use\IBaseTest.html...
Generating C:\Repo\devonfw-testing\allure-framework-modules\target\site\apidocs\com\capgemini\ntc\test\core\class-use\BaseTestWatcher.html...
Generating C:\Repo\devonfw-testing\allure-framework-modules\target\site\apidocs\com\capgemini\ntc\test\core\class-use\BaseTestWatcher.TestClassRule.html...
Generating C:\Repo\devonfw-testing\allure-framework-modules\target\site\apidocs\com\capgemini\ntc\test\core\class-use\BaseTest.html...
Generating C:\Repo\devonfw-testing\allure-framework-modules\target\site\apidocs\com\capgemini\ntc\test\core\exceptions\class-use\BFWaitingTimeoutException.html...
Generating C:\Repo\devonfw-testing\allure-framework-modules\target\site\apidocs\com\capgemini\ntc\test\core\exceptions\class-use\BFInputDataException.html...
Generating C:\Repo\devonfw-testing\allure-framework-modules\target\site\apidocs\com\capgemini\ntc\test\core\logger\class-use\EnvironmentLevel.html...
Generating C:\Repo\devonfw-testing\allure-framework-modules\target\site\apidocs\com\capgemini\ntc\test\core\logger\class-use\BFLoggerInstance.html...
Generating C:\Repo\devonfw-testing\allure-framework-modules\target\site\apidocs\com\capgemini\ntc\test\core\logger\class-use\BFLogger.html...
Generating C:\Repo\devonfw-testing\allure-framework-modules\target\site\apidocs\com\capgemini\ntc\test\core\logger\class-use\BFLogger.RestrictedMethods.html...
Generating C:\Repo\devonfw-testing\allure-framework-modules\target\site\apidocs\com\capgemini\ntc\test\core\testRunners\core\class-use\ParametrizedTestMethodsFilter.html...
Generating C:\Repo\devonfw-testing\allure-framework-modules\target\site\apidocs\com\capgemini\ntc\test\core\testRunners\core\class-use\CustomRunAfters.html...
Generating C:\Repo\devonfw-testing\allure-framework-modules\target\site\apidocs\com\capgemini\ntc\test\core\testRunners\core\class-use\BlockJUnit4ClassRunner.html...
Generating C:\Repo\devonfw-testing\allure-framework-modules\target\site\apidocs\com\capgemini\ntc\test\core\testRunners\class-use\ParallelTestClassRunner.html...
Generating C:\Repo\devonfw-testing\allure-framework-modules\target\site\apidocs\com\capgemini\ntc\test\core\testRunners\class-use\ParallelParameterized.html...
Generating C:\Repo\devonfw-testing\allure-framework-modules\target\site\apidocs\com\capgemini\ntc\test\core\utils\datadriven\json\class-use\JsonReader.html...
Generating C:\Repo\devonfw-testing\allure-framework-modules\target\site\apidocs\com\capgemini\ntc\test\core\utils\datadriven\class-use\JsonDriven.html...
Generating C:\Repo\devonfw-testing\allure-framework-modules\target\site\apidocs\com\capgemini\ntc\test\core\utils\junitoolboxpi\class-use\WildcardPatternSuiteBF.html...
Generating C:\Repo\devonfw-testing\allure-framework-modules\target\site\apidocs\com\capgemini\ntc\test\core\utils\class-use\StringComparator.html...
Generating C:\Repo\devonfw-testing\allure-framework-modules\target\site\apidocs\com\capgemini\ntc\test\core\utils\class-use\NumberUtils.html...
Generating C:\Repo\devonfw-testing\allure-framework-modules\target\site\apidocs\com\capgemini\ntc\selenium\core\base\properties\class-use\PropertiesSettingsModule.html...
Generating C:\Repo\devonfw-testing\allure-framework-modules\target\site\apidocs\com\capgemini\ntc\selenium\core\base\properties\class-use\PropertiesSelenium.html...
Generating C:\Repo\devonfw-testing\allure-framework-modules\target\site\apidocs\com\capgemini\ntc\selenium\core\base\runtime\class-use\SystemRuntimeParameters.html...
Generating C:\Repo\devonfw-testing\allure-framework-modules\target\site\apidocs\com\capgemini\ntc\selenium\core\base\runtime\class-use\RuntimeParametersSelenium.html...
Generating C:\Repo\devonfw-testing\allure-framework-modules\target\site\apidocs\com\capgemini\ntc\selenium\core\class-use\Url.html...
Generating C:\Repo\devonfw-testing\allure-framework-modules\target\site\apidocs\com\capgemini\ntc\selenium\core\class-use\IBasePage.html...
Generating C:\Repo\devonfw-testing\allure-framework-modules\target\site\apidocs\com\capgemini\ntc\selenium\core\class-use\BasePage.html...
Generating C:\Repo\devonfw-testing\allure-framework-modules\target\site\apidocs\com\capgemini\ntc\selenium\core\enums\class-use\SubUrl.html...
Generating C:\Repo\devonfw-testing\allure-framework-modules\target\site\apidocs\com\capgemini\ntc\selenium\core\enums\class-use\ResolutionEnum.html...
Generating C:\Repo\devonfw-testing\allure-framework-modules\target\site\apidocs\com\capgemini\ntc\selenium\core\enums\class-use\RelatedPositionEnum.html...
Generating C:\Repo\devonfw-testing\allure-framework-modules\target\site\apidocs\com\capgemini\ntc\selenium\core\enums\class-use\PageSubURLsEnum.html...
Generating C:\Repo\devonfw-testing\allure-framework-modules\target\site\apidocs\com\capgemini\ntc\selenium\core\enums\class-use\IResolutionList.html...
Generating C:\Repo\devonfw-testing\allure-framework-modules\target\site\apidocs\com\capgemini\ntc\selenium\core\enums\class-use\EdgesEnum.html...
Generating C:\Repo\devonfw-testing\allure-framework-modules\target\site\apidocs\com\capgemini\ntc\selenium\core\enums\class-use\ColorsEnum.html...
Generating C:\Repo\devonfw-testing\allure-framework-modules\target\site\apidocs\com\capgemini\ntc\selenium\core\exceptions\class-use\BFWaittingForBrowserWindowsException.html...
Generating C:\Repo\devonfw-testing\allure-framework-modules\target\site\apidocs\com\capgemini\ntc\selenium\core\exceptions\class-use\BFSeleniumGridNotConnectedException.html...
Generating C:\Repo\devonfw-testing\allure-framework-modules\target\site\apidocs\com\capgemini\ntc\selenium\core\exceptions\class-use\BFRobotInitilizationException.html...
Generating C:\Repo\devonfw-testing\allure-framework-modules\target\site\apidocs\com\capgemini\ntc\selenium\core\exceptions\class-use\BFInitializationException.html...
Generating C:\Repo\devonfw-testing\allure-framework-modules\target\site\apidocs\com\capgemini\ntc\selenium\core\exceptions\class-use\BFElementNotFoundException.html...
Generating C:\Repo\devonfw-testing\allure-framework-modules\target\site\apidocs\com\capgemini\ntc\selenium\core\exceptions\class-use\BFComponentStateException.html...
Generating C:\Repo\devonfw-testing\allure-framework-modules\target\site\apidocs\com\capgemini\ntc\selenium\core\newDrivers\class-use\NewRemoteWebElement.html...
Generating C:\Repo\devonfw-testing\allure-framework-modules\target\site\apidocs\com\capgemini\ntc\selenium\core\newDrivers\class-use\NewRemoteWebDriver.html...
Generating C:\Repo\devonfw-testing\allure-framework-modules\target\site\apidocs\com\capgemini\ntc\selenium\core\newDrivers\class-use\NewPhantomJSDriver.html...
Generating C:\Repo\devonfw-testing\allure-framework-modules\target\site\apidocs\com\capgemini\ntc\selenium\core\newDrivers\class-use\NewInternetExplorerDriver.html...
Generating C:\Repo\devonfw-testing\allure-framework-modules\target\site\apidocs\com\capgemini\ntc\selenium\core\newDrivers\class-use\NewFirefoxDriver.html...
Generating C:\Repo\devonfw-testing\allure-framework-modules\target\site\apidocs\com\capgemini\ntc\selenium\core\newDrivers\class-use\NewChromeDriver.html...
Generating C:\Repo\devonfw-testing\allure-framework-modules\target\site\apidocs\com\capgemini\ntc\selenium\core\newDrivers\class-use\INewWebDriver.html...
Generating C:\Repo\devonfw-testing\allure-framework-modules\target\site\apidocs\com\capgemini\ntc\selenium\core\newDrivers\class-use\IDriverManager.html...
Generating C:\Repo\devonfw-testing\allure-framework-modules\target\site\apidocs\com\capgemini\ntc\selenium\core\newDrivers\class-use\DriverManager.html...
Generating C:\Repo\devonfw-testing\allure-framework-modules\target\site\apidocs\com\capgemini\ntc\selenium\core\newDrivers\class-use\DriverExtention.html...
Generating C:\Repo\devonfw-testing\allure-framework-modules\target\site\apidocs\com\capgemini\ntc\selenium\core\newDrivers\elementType\class-use\TooltipElement.html...
Generating C:\Repo\devonfw-testing\allure-framework-modules\target\site\apidocs\com\capgemini\ntc\selenium\core\newDrivers\elementType\class-use\TabElement.html...
Generating C:\Repo\devonfw-testing\allure-framework-modules\target\site\apidocs\com\capgemini\ntc\selenium\core\newDrivers\elementType\class-use\RadioButtonElement.html...
Generating C:\Repo\devonfw-testing\allure-framework-modules\target\site\apidocs\com\capgemini\ntc\selenium\core\newDrivers\elementType\class-use\NavigationBarElement.html...
Generating C:\Repo\devonfw-testing\allure-framework-modules\target\site\apidocs\com\capgemini\ntc\selenium\core\newDrivers\elementType\class-use\MenuElement.html...
Generating C:\Repo\devonfw-testing\allure-framework-modules\target\site\apidocs\com\capgemini\ntc\selenium\core\newDrivers\elementType\class-use\ListElements.html...
Generating C:\Repo\devonfw-testing\allure-framework-modules\target\site\apidocs\com\capgemini\ntc\selenium\core\newDrivers\elementType\class-use\LabelElement.html...
Generating C:\Repo\devonfw-testing\allure-framework-modules\target\site\apidocs\com\capgemini\ntc\selenium\core\newDrivers\elementType\class-use\InputTextElement.html...
Generating C:\Repo\devonfw-testing\allure-framework-modules\target\site\apidocs\com\capgemini\ntc\selenium\core\newDrivers\elementType\class-use\IFrame.html...
Generating C:\Repo\devonfw-testing\allure-framework-modules\target\site\apidocs\com\capgemini\ntc\selenium\core\newDrivers\elementType\class-use\IBasicElement.html...
Generating C:\Repo\devonfw-testing\allure-framework-modules\target\site\apidocs\com\capgemini\ntc\selenium\core\newDrivers\elementType\class-use\DropdownListElement.html...
Generating C:\Repo\devonfw-testing\allure-framework-modules\target\site\apidocs\com\capgemini\ntc\selenium\core\newDrivers\elementType\class-use\CheckBox.html...
Generating C:\Repo\devonfw-testing\allure-framework-modules\target\site\apidocs\com\capgemini\ntc\selenium\core\newDrivers\elementType\class-use\Button.html...
Generating C:\Repo\devonfw-testing\allure-framework-modules\target\site\apidocs\com\capgemini\ntc\selenium\core\newDrivers\elementType\class-use\BasicElement.html...
Generating C:\Repo\devonfw-testing\allure-framework-modules\target\site\apidocs\com\capgemini\ntc\selenium\core\utils\class-use\WindowUtils.html...
Generating C:\Repo\devonfw-testing\allure-framework-modules\target\site\apidocs\com\capgemini\ntc\selenium\core\utils\class-use\WebElementUtils.html...
Generating C:\Repo\devonfw-testing\allure-framework-modules\target\site\apidocs\com\capgemini\ntc\selenium\core\utils\class-use\Utility.html...
Generating C:\Repo\devonfw-testing\allure-framework-modules\target\site\apidocs\com\capgemini\ntc\selenium\core\utils\class-use\Utility.SortOrder.html...
Generating C:\Repo\devonfw-testing\allure-framework-modules\target\site\apidocs\com\capgemini\ntc\selenium\core\utils\class-use\TimeUtills.html...
Generating C:\Repo\devonfw-testing\allure-framework-modules\target\site\apidocs\com\capgemini\ntc\selenium\core\utils\class-use\TestUtils.html...
Generating C:\Repo\devonfw-testing\allure-framework-modules\target\site\apidocs\com\capgemini\ntc\selenium\core\utils\class-use\StringUtils.html...
Generating C:\Repo\devonfw-testing\allure-framework-modules\target\site\apidocs\com\capgemini\ntc\selenium\core\utils\class-use\ScrollUtils.html...
Generating C:\Repo\devonfw-testing\allure-framework-modules\target\site\apidocs\com\capgemini\ntc\selenium\core\utils\class-use\ResolutionUtils.html...
Generating C:\Repo\devonfw-testing\allure-framework-modules\target\site\apidocs\com\capgemini\ntc\selenium\core\utils\class-use\ParsingHelper.html...
Generating C:\Repo\devonfw-testing\allure-framework-modules\target\site\apidocs\com\capgemini\ntc\selenium\core\utils\class-use\ImageUtils.html...
Generating C:\Repo\devonfw-testing\allure-framework-modules\target\site\apidocs\com\capgemini\ntc\selenium\core\utils\class-use\IColorValidator.html...
Generating C:\Repo\devonfw-testing\allure-framework-modules\target\site\apidocs\com\capgemini\ntc\selenium\core\utils\class-use\ElementPositionUtils.html...
Generating C:\Repo\devonfw-testing\allure-framework-modules\target\site\apidocs\com\capgemini\ntc\selenium\core\utils\class-use\DateUtils.html...
Generating C:\Repo\devonfw-testing\allure-framework-modules\target\site\apidocs\com\capgemini\ntc\selenium\core\utils\class-use\ColorsUtils.html...
Generating C:\Repo\devonfw-testing\allure-framework-modules\target\site\apidocs\com\capgemini\ntc\selenium\core\webdriver\class-use\WdUtility.html...
Generating C:\Repo\devonfw-testing\allure-framework-modules\target\site\apidocs\com\capgemini\ntc\selenium\download\class-use\DownloadManager.html...
Generating C:\Repo\devonfw-testing\allure-framework-modules\target\site\apidocs\com\capgemini\ntc\selenium\download\class-use\CsvAnalyzer.html...
Generating C:\Repo\devonfw-testing\allure-framework-modules\target\site\apidocs\com\capgemini\ntc\selenium\jsoupHelper\class-use\JsoupHelper.html...
Generating C:\Repo\devonfw-testing\allure-framework-modules\target\site\apidocs\com\capgemini\ntc\selenium\core\package-use.html...
Generating C:\Repo\devonfw-testing\allure-framework-modules\target\site\apidocs\com\capgemini\ntc\selenium\core\base\properties\package-use.html...
Generating C:\Repo\devonfw-testing\allure-framework-modules\target\site\apidocs\com\capgemini\ntc\selenium\core\base\runtime\package-use.html...
Generating C:\Repo\devonfw-testing\allure-framework-modules\target\site\apidocs\com\capgemini\ntc\selenium\core\enums\package-use.html...
Generating C:\Repo\devonfw-testing\allure-framework-modules\target\site\apidocs\com\capgemini\ntc\selenium\core\exceptions\package-use.html...
Generating C:\Repo\devonfw-testing\allure-framework-modules\target\site\apidocs\com\capgemini\ntc\selenium\core\newDrivers\package-use.html...
Generating C:\Repo\devonfw-testing\allure-framework-modules\target\site\apidocs\com\capgemini\ntc\selenium\core\newDrivers\elementType\package-use.html...
Generating C:\Repo\devonfw-testing\allure-framework-modules\target\site\apidocs\com\capgemini\ntc\selenium\core\utils\package-use.html...
Generating C:\Repo\devonfw-testing\allure-framework-modules\target\site\apidocs\com\capgemini\ntc\selenium\core\webdriver\package-use.html...
Generating C:\Repo\devonfw-testing\allure-framework-modules\target\site\apidocs\com\capgemini\ntc\selenium\download\package-use.html...
Generating C:\Repo\devonfw-testing\allure-framework-modules\target\site\apidocs\com\capgemini\ntc\selenium\jsoupHelper\package-use.html...
Generating C:\Repo\devonfw-testing\allure-framework-modules\target\site\apidocs\com\capgemini\ntc\test\core\package-use.html...
Generating C:\Repo\devonfw-testing\allure-framework-modules\target\site\apidocs\com\capgemini\ntc\test\core\analytics\package-use.html...
Generating C:\Repo\devonfw-testing\allure-framework-modules\target\site\apidocs\com\capgemini\ntc\test\core\base\environment\package-use.html...
Generating C:\Repo\devonfw-testing\allure-framework-modules\target\site\apidocs\com\capgemini\ntc\test\core\base\environment\providers\package-use.html...
Generating C:\Repo\devonfw-testing\allure-framework-modules\target\site\apidocs\com\capgemini\ntc\test\core\base\runtime\package-use.html...
Generating C:\Repo\devonfw-testing\allure-framework-modules\target\site\apidocs\com\capgemini\ntc\test\core\base\user\package-use.html...
Generating C:\Repo\devonfw-testing\allure-framework-modules\target\site\apidocs\com\capgemini\ntc\test\core\exceptions\package-use.html...
Generating C:\Repo\devonfw-testing\allure-framework-modules\target\site\apidocs\com\capgemini\ntc\test\core\logger\package-use.html...
Generating C:\Repo\devonfw-testing\allure-framework-modules\target\site\apidocs\com\capgemini\ntc\test\core\testRunners\package-use.html...
Generating C:\Repo\devonfw-testing\allure-framework-modules\target\site\apidocs\com\capgemini\ntc\test\core\testRunners\core\package-use.html...
Generating C:\Repo\devonfw-testing\allure-framework-modules\target\site\apidocs\com\capgemini\ntc\test\core\utils\package-use.html...
Generating C:\Repo\devonfw-testing\allure-framework-modules\target\site\apidocs\com\capgemini\ntc\test\core\utils\datadriven\package-use.html...
Generating C:\Repo\devonfw-testing\allure-framework-modules\target\site\apidocs\com\capgemini\ntc\test\core\utils\datadriven\json\package-use.html...
Generating C:\Repo\devonfw-testing\allure-framework-modules\target\site\apidocs\com\capgemini\ntc\test\core\utils\junitoolboxpi\package-use.html...
Building index for all the packages and classes...
Generating C:\Repo\devonfw-testing\allure-framework-modules\target\site\apidocs\overview-tree.html...
Generating C:\Repo\devonfw-testing\allure-framework-modules\target\site\apidocs\index-all.html...
Generating C:\Repo\devonfw-testing\allure-framework-modules\target\site\apidocs\deprecated-list.html...
Building index for all classes...
Generating C:\Repo\devonfw-testing\allure-framework-modules\target\site\apidocs\allclasses-frame.html...
Generating C:\Repo\devonfw-testing\allure-framework-modules\target\site\apidocs\allclasses-noframe.html...
Generating C:\Repo\devonfw-testing\allure-framework-modules\target\site\apidocs\index.html...
Generating C:\Repo\devonfw-testing\allure-framework-modules\target\site\apidocs\overview-summary.html...
Generating C:\Repo\devonfw-testing\allure-framework-modules\target\site\apidocs\help-doc.html...
83 errors
100 warnings
[INFO] ------------------------------------------------------------------------
[INFO] Reactor Summary:
[INFO] 
[INFO] AllureTestFramework ................................ FAILURE [ 13.019 s]
[INFO] AllureTestFramework - Test core - Module ........... SKIPPED
[INFO] AllureTestFramework - Selenium - Module ............ SKIPPED
[INFO] ------------------------------------------------------------------------
[INFO] BUILD FAILURE
[INFO] ------------------------------------------------------------------------
[INFO] Total time: 13.120 s
[INFO] Finished at: 2017-12-14T07:51:36+01:00
[INFO] Final Memory: 31M/265M
[INFO] ------------------------------------------------------------------------
[ERROR] Failed to execute goal org.apache.maven.plugins:maven-site-plugin:3.3:site (default-site) on project allure-test-framework: Error during page generation: Error rendering Maven report:
[ERROR] Exit code: 1 - C:\Repo\devonfw-testing\allure-framework-modules\allure-core-module\src\main\java\com\capgemini\ntc\test\core\base\environment\IEnvironmentService.java:13: warning: no description for @param
[ERROR] * @param environmentName
[ERROR] ^
[ERROR] C:\Repo\devonfw-testing\allure-framework-modules\allure-core-module\src\main\java\com\capgemini\ntc\test\core\base\environment\IEnvironmentService.java:18: warning: no description for @param
[ERROR] * @param serviceName
[ERROR] ^
[ERROR] C:\Repo\devonfw-testing\allure-framework-modules\allure-core-module\src\main\java\com\capgemini\ntc\test\core\base\environment\providers\SpreadsheetEnvironmentService.java:73: warning: no description for @param
[ERROR] * @param environmentName
[ERROR] ^
[ERROR] C:\Repo\devonfw-testing\allure-framework-modules\allure-core-module\src\main\java\com\capgemini\ntc\test\core\base\environment\providers\SpreadsheetEnvironmentService.java:80: warning: no description for @param
[ERROR] * @param serviceName
[ERROR] ^
[ERROR] C:\Repo\devonfw-testing\allure-framework-modules\allure-core-module\src\main\java\com\capgemini\ntc\test\core\base\environment\providers\SpreadsheetEnvironmentService.java:24: warning: no description for @author
[ERROR] * @author
[ERROR] ^
[ERROR] C:\Repo\devonfw-testing\allure-framework-modules\allure-core-module\src\main\java\com\capgemini\ntc\test\core\base\user\AccountData.java:7: warning: no description for @author
[ERROR] * @author
[ERROR] ^
[ERROR] C:\Repo\devonfw-testing\allure-framework-modules\allure-core-module\src\main\java\com\capgemini\ntc\test\core\base\user\AvailableUsers.java:28: warning: no description for @param
[ERROR] * @param data
[ERROR] ^
[ERROR] C:\Repo\devonfw-testing\allure-framework-modules\allure-core-module\src\main\java\com\capgemini\ntc\test\core\base\user\AvailableUsers.java:37: warning: no description for @param
[ERROR] * @param accountPredicate
[ERROR] ^
[ERROR] C:\Repo\devonfw-testing\allure-framework-modules\allure-core-module\src\main\java\com\capgemini\ntc\test\core\base\user\AvailableUsers.java:38: warning: no description for @return
[ERROR] * @return
[ERROR] ^
[ERROR] C:\Repo\devonfw-testing\allure-framework-modules\allure-core-module\src\main\java\com\capgemini\ntc\test\core\base\user\AvailableUsers.java:59: warning: no description for @return
[ERROR] * @return
[ERROR] ^
[ERROR] C:\Repo\devonfw-testing\allure-framework-modules\allure-core-module\src\main\java\com\capgemini\ntc\test\core\base\user\AvailableUsers.java:83: warning: no description for @return
[ERROR] * @return
[ERROR] ^
[ERROR] C:\Repo\devonfw-testing\allure-framework-modules\allure-core-module\src\main\java\com\capgemini\ntc\test\core\base\user\AvailableUsers.java:12: warning: no description for @author
[ERROR] * @author
[ERROR] ^
[ERROR] C:\Repo\devonfw-testing\allure-framework-modules\allure-core-module\src\main\java\com\capgemini\ntc\test\core\base\user\MapUserFile.java:49: warning: no description for @param
[ERROR] * @param jsonFile
[ERROR] ^
[ERROR] C:\Repo\devonfw-testing\allure-framework-modules\allure-core-module\src\main\java\com\capgemini\ntc\test\core\base\user\MapUserFile.java:50: warning: no description for @return
[ERROR] * @return
[ERROR] ^
[ERROR] C:\Repo\devonfw-testing\allure-framework-modules\allure-core-module\src\main\java\com\capgemini\ntc\test\core\base\user\MapUserFile.java:51: warning: no description for @throws
[ERROR] * @throws JSONException
[ERROR] ^
[ERROR] C:\Repo\devonfw-testing\allure-framework-modules\allure-core-module\src\main\java\com\capgemini\ntc\test\core\base\user\MapUserFile.java:16: warning: no description for @author
[ERROR] * @author
[ERROR] ^
[ERROR] C:\Repo\devonfw-testing\allure-framework-modules\allure-core-module\src\main\java\com\capgemini\ntc\test\core\base\user\UserAccountPredicate.java:56: warning: no description for @return
[ERROR] * @return
[ERROR] ^
[ERROR] C:\Repo\devonfw-testing\allure-framework-modules\allure-core-module\src\main\java\com\capgemini\ntc\test\core\base\user\UserAccountPredicate.java:7: error: self-closing element not allowed
[ERROR] * Preconditions used to filter from USER repository. <br/>
[ERROR] ^
[ERROR] C:\Repo\devonfw-testing\allure-framework-modules\allure-core-module\src\main\java\com\capgemini\ntc\test\core\base\user\UserAccountPredicate.java:10: warning: no description for @author
[ERROR] * @author
[ERROR] ^
[ERROR] C:\Repo\devonfw-testing\allure-framework-modules\allure-core-module\src\main\java\com\capgemini\ntc\test\core\base\user\UserData.java:100: warning: no description for @param
[ERROR] * @param accountPredicate
[ERROR] ^
[ERROR] C:\Repo\devonfw-testing\allure-framework-modules\allure-core-module\src\main\java\com\capgemini\ntc\test\core\base\user\UserData.java:101: warning: no description for @return
[ERROR] * @return
[ERROR] ^
[ERROR] C:\Repo\devonfw-testing\allure-framework-modules\allure-core-module\src\main\java\com\capgemini\ntc\test\core\base\user\UserData.java:11: warning: no description for @author
[ERROR] * @author
[ERROR] ^
[ERROR] C:\Repo\devonfw-testing\allure-framework-modules\allure-core-module\src\main\java\com\capgemini\ntc\test\core\base\user\UserProvider.java:36: warning: no description for @return
[ERROR] * @return
[ERROR] ^
[ERROR] C:\Repo\devonfw-testing\allure-framework-modules\allure-core-module\src\main\java\com\capgemini\ntc\test\core\base\user\UserProvider.java:37: warning: no description for @throws
[ERROR] * @throws JSONException
[ERROR] ^
[ERROR] C:\Repo\devonfw-testing\allure-framework-modules\allure-core-module\src\main\java\com\capgemini\ntc\test\core\base\user\UserProvider.java:38: warning: no description for @throws
[ERROR] * @throws BFInputDataException
[ERROR] ^
[ERROR] C:\Repo\devonfw-testing\allure-framework-modules\allure-core-module\src\main\java\com\capgemini\ntc\test\core\base\user\UserProvider.java:55: warning: no description for @param
[ERROR] * @param environmentName
[ERROR] ^
[ERROR] C:\Repo\devonfw-testing\allure-framework-modules\allure-core-module\src\main\java\com\capgemini\ntc\test\core\base\user\UserProvider.java:75: warning: no description for @param
[ERROR] * @param accountPredicate
[ERROR] ^
[ERROR] C:\Repo\devonfw-testing\allure-framework-modules\allure-core-module\src\main\java\com\capgemini\ntc\test\core\base\user\UserProvider.java:76: warning: no description for @return
[ERROR] * @return
[ERROR] ^
[ERROR] C:\Repo\devonfw-testing\allure-framework-modules\allure-core-module\src\main\java\com\capgemini\ntc\test\core\base\user\UserProvider.java:17: warning: no description for @author
[ERROR] * @author
[ERROR] ^
[ERROR] C:\Repo\devonfw-testing\allure-framework-modules\allure-core-module\src\main\java\com\capgemini\ntc\test\core\base\user\UserProviderException.java:8: warning: no description for @author
[ERROR] * @author
[ERROR] ^
[ERROR] C:\Repo\devonfw-testing\allure-framework-modules\allure-core-module\src\main\java\com\capgemini\ntc\test\core\exceptions\BFInputDataException.java:18: warning: no description for @param
[ERROR] * @param message
[ERROR] ^
[ERROR] C:\Repo\devonfw-testing\allure-framework-modules\allure-core-module\src\main\java\com\capgemini\ntc\test\core\exceptions\BFWaitingTimeoutException.java:20: warning: no description for @param
[ERROR] * @param componentName
[ERROR] ^
[ERROR] C:\Repo\devonfw-testing\allure-framework-modules\allure-core-module\src\main\java\com\capgemini\ntc\test\core\exceptions\BFWaitingTimeoutException.java:21: warning: no description for @param
[ERROR] * @param timeout
[ERROR] ^
[ERROR] C:\Repo\devonfw-testing\allure-framework-modules\allure-core-module\src\main\java\com\capgemini\ntc\test\core\logger\BFLogger.java:57: warning: no description for @author
[ERROR] * @author
[ERROR] ^
[ERROR] C:\Repo\devonfw-testing\allure-framework-modules\allure-core-module\src\main\java\com\capgemini\ntc\test\core\logger\BFLogger.java:73: warning: no description for @return
[ERROR] * @return
[ERROR] ^
[ERROR] C:\Repo\devonfw-testing\allure-framework-modules\allure-core-module\src\main\java\com\capgemini\ntc\test\core\logger\BFLoggerInstance.java:198: warning: no description for @return
[ERROR] * @return
[ERROR] ^
[ERROR] C:\Repo\devonfw-testing\allure-framework-modules\allure-core-module\src\main\java\com\capgemini\ntc\test\core\logger\EnvironmentLevel.java:17: warning: no @param for arg0
[ERROR] protected EnvironmentLevel(int arg0, String arg1, int arg2) {
[ERROR] ^
[ERROR] C:\Repo\devonfw-testing\allure-framework-modules\allure-core-module\src\main\java\com\capgemini\ntc\test\core\logger\EnvironmentLevel.java:17: warning: no @param for arg1
[ERROR] protected EnvironmentLevel(int arg0, String arg1, int arg2) {
[ERROR] ^
[ERROR] C:\Repo\devonfw-testing\allure-framework-modules\allure-core-module\src\main\java\com\capgemini\ntc\test\core\logger\EnvironmentLevel.java:17: warning: no @param for arg2
[ERROR] protected EnvironmentLevel(int arg0, String arg1, int arg2) {
[ERROR] ^
[ERROR] C:\Repo\devonfw-testing\allure-framework-modules\allure-core-module\src\main\java\com\capgemini\ntc\test\core\testRunners\core\BlockJUnit4ClassRunner.java:118: warning: no @return
[ERROR] protected List<FrameworkMethod> computeTestMethods() {
[ERROR] ^
[ERROR] C:\Repo\devonfw-testing\allure-framework-modules\allure-core-module\src\main\java\com\capgemini\ntc\test\core\testRunners\core\BlockJUnit4ClassRunner.java:144: warning: no @param for errors
[ERROR] protected void validateConstructor(List<Throwable> errors) {
[ERROR] ^
[ERROR] C:\Repo\devonfw-testing\allure-framework-modules\allure-core-module\src\main\java\com\capgemini\ntc\test\core\testRunners\core\BlockJUnit4ClassRunner.java:152: warning: no @param for errors
[ERROR] protected void validateOnlyOneConstructor(List<Throwable> errors) {
[ERROR] ^
[ERROR] C:\Repo\devonfw-testing\allure-framework-modules\allure-core-module\src\main\java\com\capgemini\ntc\test\core\testRunners\core\BlockJUnit4ClassRunner.java:162: warning: no @param for errors
[ERROR] protected void validateZeroArgConstructor(List<Throwable> errors) {
[ERROR] ^
[ERROR] C:\Repo\devonfw-testing\allure-framework-modules\allure-core-module\src\main\java\com\capgemini\ntc\test\core\testRunners\core\BlockJUnit4ClassRunner.java:179: warning: no @param for errors
[ERROR] protected void validateInstanceMethods(List<Throwable> errors) {
[ERROR] ^
[ERROR] C:\Repo\devonfw-testing\allure-framework-modules\allure-core-module\src\main\java\com\capgemini\ntc\test\core\testRunners\core\BlockJUnit4ClassRunner.java:201: warning: no @param for errors
[ERROR] protected void validateTestMethods(List<Throwable> errors) {
[ERROR] ^
[ERROR] C:\Repo\devonfw-testing\allure-framework-modules\allure-core-module\src\main\java\com\capgemini\ntc\test\core\testRunners\core\BlockJUnit4ClassRunner.java:209: warning: no @return
[ERROR] protected Object createTest() throws Exception {
[ERROR] ^
[ERROR] C:\Repo\devonfw-testing\allure-framework-modules\allure-core-module\src\main\java\com\capgemini\ntc\test\core\testRunners\core\BlockJUnit4ClassRunner.java:209: warning: no @throws for java.lang.Exception
[ERROR] protected Object createTest() throws Exception {
[ERROR] ^
[ERROR] C:\Repo\devonfw-testing\allure-framework-modules\allure-core-module\src\main\java\com\capgemini\ntc\test\core\testRunners\core\BlockJUnit4ClassRunner.java:217: warning: no @param for method
[ERROR] protected String testName(FrameworkMethod method) {
[ERROR] ^
[ERROR] C:\Repo\devonfw-testing\allure-framework-modules\allure-core-module\src\main\java\com\capgemini\ntc\test\core\testRunners\core\BlockJUnit4ClassRunner.java:217: warning: no @return
[ERROR] protected String testName(FrameworkMethod method) {
[ERROR] ^
[ERROR] C:\Repo\devonfw-testing\allure-framework-modules\allure-core-module\src\main\java\com\capgemini\ntc\test\core\testRunners\core\BlockJUnit4ClassRunner.java:248: warning: no @param for method
[ERROR] protected Statement methodBlock(FrameworkMethod method) {
[ERROR] ^
[ERROR] C:\Repo\devonfw-testing\allure-framework-modules\allure-core-module\src\main\java\com\capgemini\ntc\test\core\testRunners\core\BlockJUnit4ClassRunner.java:248: warning: no @return
[ERROR] protected Statement methodBlock(FrameworkMethod method) {
[ERROR] ^
[ERROR] C:\Repo\devonfw-testing\allure-framework-modules\allure-core-module\src\main\java\com\capgemini\ntc\test\core\testRunners\core\BlockJUnit4ClassRunner.java:277: warning: no @param for method
[ERROR] protected Statement methodInvoker(FrameworkMethod method, Object test) {
[ERROR] ^
[ERROR] C:\Repo\devonfw-testing\allure-framework-modules\allure-core-module\src\main\java\com\capgemini\ntc\test\core\testRunners\core\BlockJUnit4ClassRunner.java:277: warning: no @param for test
[ERROR] protected Statement methodInvoker(FrameworkMethod method, Object test) {
[ERROR] ^
[ERROR] C:\Repo\devonfw-testing\allure-framework-modules\allure-core-module\src\main\java\com\capgemini\ntc\test\core\testRunners\core\BlockJUnit4ClassRunner.java:277: warning: no @return
[ERROR] protected Statement methodInvoker(FrameworkMethod method, Object test) {
[ERROR] ^
[ERROR] C:\Repo\devonfw-testing\allure-framework-modules\allure-core-module\src\main\java\com\capgemini\ntc\test\core\testRunners\core\BlockJUnit4ClassRunner.java:285: warning: no @param for method
[ERROR] protected Statement possiblyExpectingExceptions(FrameworkMethod method, Object test, Statement next) {
[ERROR] ^
[ERROR] C:\Repo\devonfw-testing\allure-framework-modules\allure-core-module\src\main\java\com\capgemini\ntc\test\core\testRunners\core\BlockJUnit4ClassRunner.java:285: warning: no @param for test
[ERROR] protected Statement possiblyExpectingExceptions(FrameworkMethod method, Object test, Statement next) {
[ERROR] ^
[ERROR] C:\Repo\devonfw-testing\allure-framework-modules\allure-core-module\src\main\java\com\capgemini\ntc\test\core\testRunners\core\BlockJUnit4ClassRunner.java:285: warning: no @param for next
[ERROR] protected Statement possiblyExpectingExceptions(FrameworkMethod method, Object test, Statement next) {
[ERROR] ^
[ERROR] C:\Repo\devonfw-testing\allure-framework-modules\allure-core-module\src\main\java\com\capgemini\ntc\test\core\testRunners\core\BlockJUnit4ClassRunner.java:285: warning: no @return
[ERROR] protected Statement possiblyExpectingExceptions(FrameworkMethod method, Object test, Statement next) {
[ERROR] ^
[ERROR] C:\Repo\devonfw-testing\allure-framework-modules\allure-core-module\src\main\java\com\capgemini\ntc\test\core\testRunners\core\BlockJUnit4ClassRunner.java:295: warning: no @param for method
[ERROR] protected Statement withPotentialTimeout(FrameworkMethod method, Object test, Statement next) {
[ERROR] ^
[ERROR] C:\Repo\devonfw-testing\allure-framework-modules\allure-core-module\src\main\java\com\capgemini\ntc\test\core\testRunners\core\BlockJUnit4ClassRunner.java:295: warning: no @param for test
[ERROR] protected Statement withPotentialTimeout(FrameworkMethod method, Object test, Statement next) {
[ERROR] ^
[ERROR] C:\Repo\devonfw-testing\allure-framework-modules\allure-core-module\src\main\java\com\capgemini\ntc\test\core\testRunners\core\BlockJUnit4ClassRunner.java:295: warning: no @param for next
[ERROR] protected Statement withPotentialTimeout(FrameworkMethod method, Object test, Statement next) {
[ERROR] ^
[ERROR] C:\Repo\devonfw-testing\allure-framework-modules\allure-core-module\src\main\java\com\capgemini\ntc\test\core\testRunners\core\BlockJUnit4ClassRunner.java:295: warning: no @return
[ERROR] protected Statement withPotentialTimeout(FrameworkMethod method, Object test, Statement next) {
[ERROR] ^
[ERROR] C:\Repo\devonfw-testing\allure-framework-modules\allure-core-module\src\main\java\com\capgemini\ntc\test\core\testRunners\core\BlockJUnit4ClassRunner.java:307: warning: no @param for method
[ERROR] protected Statement withBefores(FrameworkMethod method, Object target, Statement statement) {
[ERROR] ^
[ERROR] C:\Repo\devonfw-testing\allure-framework-modules\allure-core-module\src\main\java\com\capgemini\ntc\test\core\testRunners\core\BlockJUnit4ClassRunner.java:307: warning: no @param for target
[ERROR] protected Statement withBefores(FrameworkMethod method, Object target, Statement statement) {
[ERROR] ^
[ERROR] C:\Repo\devonfw-testing\allure-framework-modules\allure-core-module\src\main\java\com\capgemini\ntc\test\core\testRunners\core\BlockJUnit4ClassRunner.java:307: warning: no @param for statement
[ERROR] protected Statement withBefores(FrameworkMethod method, Object target, Statement statement) {
[ERROR] ^
[ERROR] C:\Repo\devonfw-testing\allure-framework-modules\allure-core-module\src\main\java\com\capgemini\ntc\test\core\testRunners\core\BlockJUnit4ClassRunner.java:307: warning: no @return
[ERROR] protected Statement withBefores(FrameworkMethod method, Object target, Statement statement) {
[ERROR] ^
[ERROR] C:\Repo\devonfw-testing\allure-framework-modules\allure-core-module\src\main\java\com\capgemini\ntc\test\core\testRunners\core\BlockJUnit4ClassRunner.java:317: warning: no @param for method
[ERROR] protected Statement withAfters(FrameworkMethod method, Object target, Statement statement) {
[ERROR] ^
[ERROR] C:\Repo\devonfw-testing\allure-framework-modules\allure-core-module\src\main\java\com\capgemini\ntc\test\core\testRunners\core\BlockJUnit4ClassRunner.java:317: warning: no @param for target
[ERROR] protected Statement withAfters(FrameworkMethod method, Object target, Statement statement) {
[ERROR] ^
[ERROR] C:\Repo\devonfw-testing\allure-framework-modules\allure-core-module\src\main\java\com\capgemini\ntc\test\core\testRunners\core\BlockJUnit4ClassRunner.java:317: warning: no @param for statement
[ERROR] protected Statement withAfters(FrameworkMethod method, Object target, Statement statement) {
[ERROR] ^
[ERROR] C:\Repo\devonfw-testing\allure-framework-modules\allure-core-module\src\main\java\com\capgemini\ntc\test\core\testRunners\core\BlockJUnit4ClassRunner.java:317: warning: no @return
[ERROR] protected Statement withAfters(FrameworkMethod method, Object target, Statement statement) {
[ERROR] ^
[ERROR] C:\Repo\devonfw-testing\allure-framework-modules\allure-core-module\src\main\java\com\capgemini\ntc\test\core\testRunners\core\BlockJUnit4ClassRunner.java:66: warning: no @param for klass
[ERROR] public BlockJUnit4ClassRunner(Class<?> klass) throws InitializationError {
[ERROR] ^
[ERROR] C:\Repo\devonfw-testing\allure-framework-modules\allure-core-module\src\main\java\com\capgemini\ntc\test\core\testRunners\core\CustomRunAfters.java:19: warning: no description for @author
[ERROR] * @author
[ERROR] ^
[ERROR] C:\Repo\devonfw-testing\allure-framework-modules\allure-core-module\src\main\java\com\capgemini\ntc\test\core\testRunners\ParallelTestClassRunner.java:22: warning: no description for @author
[ERROR] * @author
[ERROR] ^
[ERROR] C:\Repo\devonfw-testing\allure-framework-modules\allure-core-module\src\main\java\com\capgemini\ntc\test\core\utils\datadriven\json\JsonReader.java:23: warning: no description for @param
[ERROR] * @param jsonFile
[ERROR] ^
[ERROR] C:\Repo\devonfw-testing\allure-framework-modules\allure-core-module\src\main\java\com\capgemini\ntc\test\core\utils\datadriven\json\JsonReader.java:24: warning: no description for @return
[ERROR] * @return
[ERROR] ^
[ERROR] C:\Repo\devonfw-testing\allure-framework-modules\allure-core-module\src\main\java\com\capgemini\ntc\test\core\utils\NumberUtils.java:25: error: bad use of '>'
[ERROR] * Checks if input text is a amount and returns value of it (ie. -$23.15 --> -23.15) Warning if given textValue is
[ERROR] ^
[ERROR] C:\Repo\devonfw-testing\allure-framework-modules\allure-core-module\src\main\java\com\capgemini\ntc\test\core\utils\NumberUtils.java:28: error: @param name not found
[ERROR] * @param textValue
[ERROR] ^
[ERROR] C:\Repo\devonfw-testing\allure-framework-modules\allure-core-module\src\main\java\com\capgemini\ntc\test\core\utils\NumberUtils.java:28: warning: no description for @param
[ERROR] * @param textValue
[ERROR] ^
[ERROR] C:\Repo\devonfw-testing\allure-framework-modules\allure-core-module\src\main\java\com\capgemini\ntc\test\core\utils\NumberUtils.java:31: warning: no @param for text
[ERROR] public static BigDecimal getValueFromStringAmount(String text) {
[ERROR] ^
[ERROR] C:\Repo\devonfw-testing\allure-framework-modules\allure-core-module\src\main\java\com\capgemini\ntc\test\core\utils\NumberUtils.java:42: warning: no description for @param
[ERROR] * @param textValue
[ERROR] ^
[ERROR] C:\Repo\devonfw-testing\allure-framework-modules\allure-core-module\src\main\java\com\capgemini\ntc\test\core\utils\NumberUtils.java:63: error: @param name not found
[ERROR] * @param textValue
[ERROR] ^
[ERROR] C:\Repo\devonfw-testing\allure-framework-modules\allure-core-module\src\main\java\com\capgemini\ntc\test\core\utils\NumberUtils.java:63: warning: no description for @param
[ERROR] * @param textValue
[ERROR] ^
[ERROR] C:\Repo\devonfw-testing\allure-framework-modules\allure-core-module\src\main\java\com\capgemini\ntc\test\core\utils\NumberUtils.java:66: warning: no @param for textValues
[ERROR] public static BigDecimal[] convertTextValueToDecimal(final String[] textValues) {
[ERROR] ^
[ERROR] C:\Repo\devonfw-testing\allure-framework-modules\allure-core-module\src\main\java\com\capgemini\ntc\test\core\utils\NumberUtils.java:74: error: @param name not found
[ERROR] * @param textValue
[ERROR] ^
[ERROR] C:\Repo\devonfw-testing\allure-framework-modules\allure-core-module\src\main\java\com\capgemini\ntc\test\core\utils\NumberUtils.java:74: warning: no description for @param
[ERROR] * @param textValue
[ERROR] ^
[ERROR] C:\Repo\devonfw-testing\allure-framework-modules\allure-core-module\src\main\java\com\capgemini\ntc\test\core\utils\NumberUtils.java:77: warning: no @param for textValues
[ERROR] public static BigDecimal[] convertTextValueToDecimal(final Iterable<String> textValues) {
[ERROR] ^
[ERROR] C:\Repo\devonfw-testing\allure-framework-modules\allure-core-module\src\main\java\com\capgemini\ntc\test\core\utils\NumberUtils.java:89: warning: no description for @param
[ERROR] * @param textValue
[ERROR] ^
[ERROR] C:\Repo\devonfw-testing\allure-framework-modules\allure-core-module\src\main\java\com\capgemini\ntc\test\core\utils\NumberUtils.java:100: warning: no description for @param
[ERROR] * @param textValue
[ERROR] ^
[ERROR] C:\Repo\devonfw-testing\allure-framework-modules\allure-core-module\src\main\java\com\capgemini\ntc\test\core\utils\NumberUtils.java:130: error: malformed HTML
[ERROR] * value (exclusive) - <0, seed)
[ERROR] ^
[ERROR] C:\Repo\devonfw-testing\allure-framework-modules\allure-core-module\src\main\java\com\capgemini\ntc\test\core\utils\NumberUtils.java:135: warning: no @return
[ERROR] public static int getRandomInteger(int seed) {
[ERROR] ^
[ERROR] C:\Repo\devonfw-testing\allure-framework-modules\allure-core-module\src\main\java\com\capgemini\ntc\test\core\utils\NumberUtils.java:143: warning: no description for @param
[ERROR] * @param percent
[ERROR] ^
[ERROR] C:\Repo\devonfw-testing\allure-framework-modules\allure-core-module\src\main\java\com\capgemini\ntc\test\core\utils\NumberUtils.java:145: warning: no description for @author
[ERROR] * @author
[ERROR] ^
[ERROR] C:\Repo\devonfw-testing\allure-framework-modules\allure-core-module\src\main\java\com\capgemini\ntc\test\core\utils\NumberUtils.java:157: error: bad use of '>'
[ERROR] * Checks if input text is a value, converts it and returns value as String (ie. 1.1460001 --> 1.15 - with precision
[ERROR] ^
[ERROR] C:\Repo\devonfw-testing\allure-framework-modules\allure-core-module\src\main\java\com\capgemini\ntc\test\core\utils\NumberUtils.java:162: warning: no description for @param
[ERROR] * @param precision
[ERROR] ^
[ERROR] C:\Repo\devonfw-testing\allure-framework-modules\allure-core-module\src\main\java\com\capgemini\ntc\test\core\utils\NumberUtils.java:176: error: bad use of '>'
[ERROR] * Checks if input text is a value, converts it and returns value as String (ie. 1.1460001 --> 1.15 - with precision
[ERROR] ^
[ERROR] C:\Repo\devonfw-testing\allure-framework-modules\allure-core-module\src\main\java\com\capgemini\ntc\test\core\utils\NumberUtils.java:181: warning: no description for @param
[ERROR] * @param precision
[ERROR] ^
[ERROR] C:\Repo\devonfw-testing\allure-framework-modules\allure-core-module\src\main\java\com\capgemini\ntc\test\core\utils\NumberUtils.java:196: warning: no @param for f1
[ERROR] public static boolean isBigDecimalDifferent(BigDecimal f1, BigDecimal f2) {
[ERROR] ^
[ERROR] C:\Repo\devonfw-testing\allure-framework-modules\allure-core-module\src\main\java\com\capgemini\ntc\test\core\utils\NumberUtils.java:196: warning: no @param for f2
[ERROR] public static boolean isBigDecimalDifferent(BigDecimal f1, BigDecimal f2) {
[ERROR] ^
[ERROR] C:\Repo\devonfw-testing\allure-framework-modules\allure-core-module\src\main\java\com\capgemini\ntc\test\core\utils\NumberUtils.java:205: warning: no @param for f1
[ERROR] static public boolean isBigDecimalDifferent(BigDecimal f1, BigDecimal f2, BigDecimal delta) {
[ERROR] ^
[ERROR] C:\Repo\devonfw-testing\allure-framework-modules\allure-core-module\src\main\java\com\capgemini\ntc\test\core\utils\NumberUtils.java:205: warning: no @param for f2
[ERROR] static public boolean isBigDecimalDifferent(BigDecimal f1, BigDecimal f2, BigDecimal delta) {
[ERROR] ^
[ERROR] C:\Repo\devonfw-testing\allure-framework-modules\allure-core-module\src\main\java\com\capgemini\ntc\test\core\utils\NumberUtils.java:205: warning: no @param for delta
[ERROR] static public boolean isBigDecimalDifferent(BigDecimal f1, BigDecimal f2, BigDecimal delta) {
[ERROR] ^
[ERROR] C:\Repo\devonfw-testing\allure-framework-modules\allure-core-module\src\main\java\com\capgemini\ntc\test\core\utils\NumberUtils.java:14: warning: no description for @author
[ERROR] * @author
[ERROR] ^
[ERROR] C:\Repo\devonfw-testing\allure-framework-modules\allure-selenium-module\src\main\java\com\capgemini\ntc\selenium\core\base\runtime\SystemRuntimeParameters.java:12: warning: no description for @author
[ERROR] * @author
[ERROR] ^
[ERROR] C:\Repo\devonfw-testing\allure-framework-modules\allure-selenium-module\src\main\java\com\capgemini\ntc\selenium\core\BasePage.java:205: warning: no description for @throws
[ERROR] * @throws BFElementNotFoundException
[ERROR] ^
[ERROR] C:\Repo\devonfw-testing\allure-framework-modules\allure-selenium-module\src\main\java\com\capgemini\ntc\selenium\core\BasePage.java:206: warning: no description for @param
[ERROR] * @param cssSelector
[ERROR] ^
[ERROR] C:\Repo\devonfw-testing\allure-framework-modules\allure-selenium-module\src\main\java\com\capgemini\ntc\selenium\core\BasePage.java:222: warning: no description for @throws
[ERROR] * @throws BFElementNotFoundException
[ERROR] ^
[ERROR] C:\Repo\devonfw-testing\allure-framework-modules\allure-selenium-module\src\main\java\com\capgemini\ntc\selenium\core\BasePage.java:223: warning: no description for @param
[ERROR] * @param cssSelector
[ERROR] ^
[ERROR] C:\Repo\devonfw-testing\allure-framework-modules\allure-selenium-module\src\main\java\com\capgemini\ntc\selenium\core\BasePage.java:224: warning: no description for @param
[ERROR] * @param parent
[ERROR] ^
[ERROR] C:\Repo\devonfw-testing\allure-framework-modules\allure-selenium-module\src\main\java\com\capgemini\ntc\selenium\core\exceptions\BFElementNotFoundException.java:98: error: reference not found
[ERROR] *            - used with {@link #isTimeout}. Give timeout in sec will be added in logs
[ERROR] ^
[ERROR] C:\Repo\devonfw-testing\allure-framework-modules\allure-selenium-module\src\main\java\com\capgemini\ntc\selenium\core\exceptions\BFElementNotFoundException.java:39: error: reference not found
[ERROR] *            - any addition text in {@link #message} will be added at the beginning of log
[ERROR] ^
[ERROR] C:\Repo\devonfw-testing\allure-framework-modules\allure-selenium-module\src\main\java\com\capgemini\ntc\selenium\core\exceptions\BFElementNotFoundException.java:76: error: reference not found
[ERROR] *            - any addition text in {@link #message} will be added at the beginning of log
[ERROR] ^
[ERROR] C:\Repo\devonfw-testing\allure-framework-modules\allure-selenium-module\src\main\java\com\capgemini\ntc\selenium\core\exceptions\BFElementNotFoundException.java:116: error: reference not found
[ERROR] *            - any addition text in {@link #message} will be added at the beginning of log
[ERROR] ^
[ERROR] C:\Repo\devonfw-testing\allure-framework-modules\allure-selenium-module\src\main\java\com\capgemini\ntc\selenium\core\exceptions\BFElementNotFoundException.java:120: error: reference not found
[ERROR] *            - used with {@link #isTimeout}. Give timeout in sec will be added in logs
[ERROR] ^
[ERROR] C:\Repo\devonfw-testing\allure-framework-modules\allure-selenium-module\src\main\java\com\capgemini\ntc\selenium\core\newDrivers\INewWebDriver.java:42: error: @param name not found
[ERROR] * @param timeout
[ERROR] ^
[ERROR] C:\Repo\devonfw-testing\allure-framework-modules\allure-selenium-module\src\main\java\com\capgemini\ntc\selenium\core\newDrivers\INewWebDriver.java:68: error: @param name not found
[ERROR] * @param timeout
[ERROR] ^
[ERROR] C:\Repo\devonfw-testing\allure-framework-modules\allure-selenium-module\src\main\java\com\capgemini\ntc\selenium\core\newDrivers\INewWebDriver.java:77: error: reference not found
[ERROR] * Try to find by dynamic List of elements - will wait {@link BasePage.EXPLICITYWAITTIMER} seconds for an element to
[ERROR] ^
[ERROR] C:\Repo\devonfw-testing\allure-framework-modules\allure-selenium-module\src\main\java\com\capgemini\ntc\selenium\core\newDrivers\INewWebDriver.java:89: error: reference not found
[ERROR] * Waits {@link BasePage.EXPLICITYWAITTIMER} seconds until an element will be enabled to action. If element after
[ERROR] ^
[ERROR] C:\Repo\devonfw-testing\allure-framework-modules\allure-selenium-module\src\main\java\com\capgemini\ntc\selenium\core\newDrivers\INewWebDriver.java:92: error: @param name not found
[ERROR] * @param by
[ERROR] ^
[ERROR] C:\Repo\devonfw-testing\allure-framework-modules\allure-selenium-module\src\main\java\com\capgemini\ntc\selenium\core\newDrivers\INewWebDriver.java:101: error: reference not found
[ERROR] * Waits {@link BasePage.EXPLICITYWAITTIMER} seconds until an element will be clickable. If element will not be
[ERROR] ^
[ERROR] C:\Repo\devonfw-testing\allure-framework-modules\allure-selenium-module\src\main\java\com\capgemini\ntc\selenium\core\newDrivers\INewWebDriver.java:104: error: @param name not found
[ERROR] * @param by
[ERROR] ^
[ERROR] C:\Repo\devonfw-testing\allure-framework-modules\allure-selenium-module\src\main\java\com\capgemini\ntc\selenium\core\newDrivers\INewWebDriver.java:116: error: @param name not found
[ERROR] * @param by
[ERROR] ^
[ERROR] C:\Repo\devonfw-testing\allure-framework-modules\allure-selenium-module\src\main\java\com\capgemini\ntc\selenium\core\newDrivers\INewWebDriver.java:127: error: @param name not found
[ERROR] * @param driver
[ERROR] ^
[ERROR] C:\Repo\devonfw-testing\allure-framework-modules\allure-selenium-module\src\main\java\com\capgemini\ntc\selenium\core\newDrivers\NewChromeDriver.java:70: error: @param name not found
[ERROR] * @param timeout
[ERROR] ^
[ERROR] C:\Repo\devonfw-testing\allure-framework-modules\allure-selenium-module\src\main\java\com\capgemini\ntc\selenium\core\newDrivers\NewChromeDriver.java:102: error: @param name not found
[ERROR] * @param timeout
[ERROR] ^
[ERROR] C:\Repo\devonfw-testing\allure-framework-modules\allure-selenium-module\src\main\java\com\capgemini\ntc\selenium\core\newDrivers\NewChromeDriver.java:113: error: reference not found
[ERROR] * Try to find by dynamic List of elements - will wait {@link BasePage.EXPLICITYWAITTIMER} seconds for an element to
[ERROR] ^
[ERROR] C:\Repo\devonfw-testing\allure-framework-modules\allure-selenium-module\src\main\java\com\capgemini\ntc\selenium\core\newDrivers\NewChromeDriver.java:137: error: reference not found
[ERROR] * Waits {@link BasePage.EXPLICITYWAITTIMER} seconds until an element will be clickable. If element will not be
[ERROR] ^
[ERROR] C:\Repo\devonfw-testing\allure-framework-modules\allure-selenium-module\src\main\java\com\capgemini\ntc\selenium\core\newDrivers\NewChromeDriver.java:140: error: @param name not found
[ERROR] * @param by
[ERROR] ^
[ERROR] C:\Repo\devonfw-testing\allure-framework-modules\allure-selenium-module\src\main\java\com\capgemini\ntc\selenium\core\newDrivers\NewFirefoxDriver.java:94: error: @param name not found
[ERROR] * @param timeout
[ERROR] ^
[ERROR] C:\Repo\devonfw-testing\allure-framework-modules\allure-selenium-module\src\main\java\com\capgemini\ntc\selenium\core\newDrivers\NewFirefoxDriver.java:124: error: @param name not found
[ERROR] * @param timeout
[ERROR] ^
[ERROR] C:\Repo\devonfw-testing\allure-framework-modules\allure-selenium-module\src\main\java\com\capgemini\ntc\selenium\core\newDrivers\NewFirefoxDriver.java:134: error: reference not found
[ERROR] * Try to find by dynamic List of elements - will wait {@link BasePage.EXPLICITYWAITTIMER} seconds for an element to
[ERROR] ^
[ERROR] C:\Repo\devonfw-testing\allure-framework-modules\allure-selenium-module\src\main\java\com\capgemini\ntc\selenium\core\newDrivers\NewFirefoxDriver.java:155: error: reference not found
[ERROR] * Waits {@link BasePage.EXPLICITYWAITTIMER} seconds until an element will be clickable. If element will not be
[ERROR] ^
[ERROR] C:\Repo\devonfw-testing\allure-framework-modules\allure-selenium-module\src\main\java\com\capgemini\ntc\selenium\core\newDrivers\NewFirefoxDriver.java:158: error: @param name not found
[ERROR] * @param by
[ERROR] ^
[ERROR] C:\Repo\devonfw-testing\allure-framework-modules\allure-selenium-module\src\main\java\com\capgemini\ntc\selenium\core\newDrivers\NewInternetExplorerDriver.java:84: error: @param name not found
[ERROR] * @param timeout
[ERROR] ^
[ERROR] C:\Repo\devonfw-testing\allure-framework-modules\allure-selenium-module\src\main\java\com\capgemini\ntc\selenium\core\newDrivers\NewInternetExplorerDriver.java:114: error: @param name not found
[ERROR] * @param timeout
[ERROR] ^
[ERROR] C:\Repo\devonfw-testing\allure-framework-modules\allure-selenium-module\src\main\java\com\capgemini\ntc\selenium\core\newDrivers\NewInternetExplorerDriver.java:124: error: reference not found
[ERROR] * Try to find by dynamic List of elements - will wait {@link BasePage.EXPLICITYWAITTIMER} seconds for an element to
[ERROR] ^
[ERROR] C:\Repo\devonfw-testing\allure-framework-modules\allure-selenium-module\src\main\java\com\capgemini\ntc\selenium\core\newDrivers\NewInternetExplorerDriver.java:141: error: reference not found
[ERROR] * Waits {@link BasePage.EXPLICITYWAITTIMER} seconds until an element will be clickable. If element will not be
[ERROR] ^
[ERROR] C:\Repo\devonfw-testing\allure-framework-modules\allure-selenium-module\src\main\java\com\capgemini\ntc\selenium\core\newDrivers\NewInternetExplorerDriver.java:144: error: @param name not found
[ERROR] * @param by
[ERROR] ^
[ERROR] C:\Repo\devonfw-testing\allure-framework-modules\allure-selenium-module\src\main\java\com\capgemini\ntc\selenium\core\newDrivers\NewPhantomJSDriver.java:121: error: @param name not found
[ERROR] * @param timeout
[ERROR] ^
[ERROR] C:\Repo\devonfw-testing\allure-framework-modules\allure-selenium-module\src\main\java\com\capgemini\ntc\selenium\core\newDrivers\NewPhantomJSDriver.java:151: error: @param name not found
[ERROR] * @param timeout
[ERROR] ^
[ERROR] C:\Repo\devonfw-testing\allure-framework-modules\allure-selenium-module\src\main\java\com\capgemini\ntc\selenium\core\newDrivers\NewPhantomJSDriver.java:161: error: reference not found
[ERROR] * Try to find by dynamic List of elements - will wait {@link BasePage.EXPLICITYWAITTIMER} seconds for an element to
[ERROR] ^
[ERROR] C:\Repo\devonfw-testing\allure-framework-modules\allure-selenium-module\src\main\java\com\capgemini\ntc\selenium\core\newDrivers\NewPhantomJSDriver.java:182: error: reference not found
[ERROR] * Waits {@link BasePage.EXPLICITYWAITTIMER} seconds until an element will be clickable. If element will not be
[ERROR] ^
[ERROR] C:\Repo\devonfw-testing\allure-framework-modules\allure-selenium-module\src\main\java\com\capgemini\ntc\selenium\core\newDrivers\NewPhantomJSDriver.java:185: error: @param name not found
[ERROR] * @param by
[ERROR] ^
[ERROR] C:\Repo\devonfw-testing\allure-framework-modules\allure-selenium-module\src\main\java\com\capgemini\ntc\selenium\core\newDrivers\NewRemoteWebDriver.java:112: error: @param name not found
[ERROR] * @param timeout
[ERROR] ^
[ERROR] C:\Repo\devonfw-testing\allure-framework-modules\allure-selenium-module\src\main\java\com\capgemini\ntc\selenium\core\newDrivers\NewRemoteWebDriver.java:142: error: @param name not found
[ERROR] * @param timeout
[ERROR] ^
[ERROR] C:\Repo\devonfw-testing\allure-framework-modules\allure-selenium-module\src\main\java\com\capgemini\ntc\selenium\core\newDrivers\NewRemoteWebDriver.java:152: error: reference not found
[ERROR] * Try to find by dynamic List of elements - will wait {@link BasePage.EXPLICITYWAITTIMER} seconds for an element to
[ERROR] ^
[ERROR] C:\Repo\devonfw-testing\allure-framework-modules\allure-selenium-module\src\main\java\com\capgemini\ntc\selenium\core\newDrivers\NewRemoteWebDriver.java:173: error: reference not found
[ERROR] * Waits {@link BasePage.EXPLICITYWAITTIMER} seconds until an element will be clickable. If element will not be
[ERROR] ^
[ERROR] C:\Repo\devonfw-testing\allure-framework-modules\allure-selenium-module\src\main\java\com\capgemini\ntc\selenium\core\newDrivers\NewRemoteWebDriver.java:176: error: @param name not found
[ERROR] * @param by
[ERROR] ^
[ERROR] C:\Repo\devonfw-testing\allure-framework-modules\allure-selenium-module\src\main\java\com\capgemini\ntc\selenium\core\utils\DateUtils.java:82: error: @param name not found
[ERROR] * @param String
[ERROR] ^
[ERROR] C:\Repo\devonfw-testing\allure-framework-modules\allure-selenium-module\src\main\java\com\capgemini\ntc\selenium\core\utils\DateUtils.java:100: error: @param name not found
[ERROR] * @param String
[ERROR] ^
[ERROR] C:\Repo\devonfw-testing\allure-framework-modules\allure-selenium-module\src\main\java\com\capgemini\ntc\selenium\core\utils\ResolutionUtils.java:15: error: @param name not found
[ERROR] * @param resolution
[ERROR] ^
[ERROR] C:\Repo\devonfw-testing\allure-framework-modules\allure-selenium-module\src\main\java\com\capgemini\ntc\selenium\core\utils\TestUtils.java:46: error: @param name not found
[ERROR] * @param url
[ERROR] ^
[ERROR] C:\Repo\devonfw-testing\allure-framework-modules\allure-selenium-module\src\main\java\com\capgemini\ntc\selenium\core\utils\TimeUtills.java:227: error: bad use of '>'
[ERROR] *         Example of use -> is date Dec/12/2013 older than 3 years? <br>
[ERROR] ^
[ERROR] C:\Repo\devonfw-testing\allure-framework-modules\allure-selenium-module\src\main\java\com\capgemini\ntc\selenium\core\utils\Utility.java:33: error: @param name not found
[ERROR] * @param String
[ERROR] ^
[ERROR] C:\Repo\devonfw-testing\allure-framework-modules\allure-selenium-module\src\main\java\com\capgemini\ntc\selenium\core\utils\Utility.java:35: error: @param name not found
[ERROR] * @param String
[ERROR] ^
[ERROR] C:\Repo\devonfw-testing\allure-framework-modules\allure-selenium-module\src\main\java\com\capgemini\ntc\selenium\core\utils\Utility.java:46: error: @param name not found
[ERROR] * @param String
[ERROR] ^
[ERROR] C:\Repo\devonfw-testing\allure-framework-modules\allure-selenium-module\src\main\java\com\capgemini\ntc\selenium\core\utils\Utility.java:48: error: @param name not found
[ERROR] * @param String
[ERROR] ^
[ERROR] C:\Repo\devonfw-testing\allure-framework-modules\allure-selenium-module\src\main\java\com\capgemini\ntc\selenium\core\utils\Utility.java:64: error: bad use of '>'
[ERROR] *         strings from first table e.g. ["a", "c"], ["a", "b", "c"] -> true e.g. ["a", "c"], ["a", "b"] -> true
[ERROR] ^
[ERROR] C:\Repo\devonfw-testing\allure-framework-modules\allure-selenium-module\src\main\java\com\capgemini\ntc\selenium\core\utils\Utility.java:64: error: bad use of '>'
[ERROR] *         strings from first table e.g. ["a", "c"], ["a", "b", "c"] -> true e.g. ["a", "c"], ["a", "b"] -> true
[ERROR] ^
[ERROR] C:\Repo\devonfw-testing\allure-framework-modules\allure-selenium-module\src\main\java\com\capgemini\ntc\selenium\core\utils\Utility.java:65: error: bad use of '>'
[ERROR] *         e.g. ["a", "b", "c"], ["a", "c", "b"] -> false
[ERROR] ^
[ERROR] C:\Repo\devonfw-testing\allure-framework-modules\allure-selenium-module\src\main\java\com\capgemini\ntc\selenium\core\utils\WebElementUtils.java:129: error: reference not found
[ERROR] *             after {@link BasePage.EXPLICITYWAITTIMER}
[ERROR] ^
[ERROR] C:\Repo\devonfw-testing\allure-framework-modules\allure-selenium-module\src\main\java\com\capgemini\ntc\selenium\core\utils\WebElementUtils.java:229: error: @param name not found
[ERROR] * @param WebElement
[ERROR] ^
[ERROR] C:\Repo\devonfw-testing\allure-framework-modules\allure-selenium-module\src\main\java\com\capgemini\ntc\selenium\core\utils\WebElementUtils.java:302: error: @param name not found
[ERROR] * @param WebElement
[ERROR] ^
[ERROR] C:\Repo\devonfw-testing\allure-framework-modules\allure-selenium-module\src\main\java\com\capgemini\ntc\selenium\core\utils\WebElementUtils.java:28: error: no content
[ERROR] * @see
[ERROR] ^
[ERROR] C:\Repo\devonfw-testing\allure-framework-modules\allure-selenium-module\src\main\java\com\capgemini\ntc\selenium\core\utils\WindowUtils.java:55: error: @param name not found
[ERROR] * @param switchToGivenURL
[ERROR] ^
[ERROR] C:\Repo\devonfw-testing\allure-framework-modules\allure-selenium-module\src\main\java\com\capgemini\ntc\selenium\core\webdriver\WdUtility.java:151: error: @param name not found
[ERROR] * @param tooltip
[ERROR] ^
[ERROR] C:\Repo\devonfw-testing\allure-framework-modules\allure-selenium-module\src\main\java\com\capgemini\ntc\selenium\core\webdriver\WdUtility.java:205: error: @param name not found
[ERROR] * @param element
[ERROR] ^
[ERROR] C:\Repo\devonfw-testing\allure-framework-modules\allure-selenium-module\src\main\java\com\capgemini\ntc\selenium\download\CsvAnalyzer.java:59: error: self-closing element not allowed
[ERROR] * @return Cell content specified by row and column. <br/>
[ERROR] ^
[ERROR] C:\Repo\devonfw-testing\allure-framework-modules\allure-selenium-module\src\main\java\com\capgemini\ntc\selenium\download\CsvAnalyzer.java:61: error: self-closing element not allowed
[ERROR] *         arguments will be:<br/>
[ERROR] ^
[ERROR] C:\Repo\devonfw-testing\allure-framework-modules\allure-selenium-module\src\main\java\com\capgemini\ntc\selenium\download\CsvAnalyzer.java:62: error: self-closing element not allowed
[ERROR] *         columnNameToSearchIn = Symbol<br/>
[ERROR] ^
[ERROR] C:\Repo\devonfw-testing\allure-framework-modules\allure-selenium-module\src\main\java\com\capgemini\ntc\selenium\download\CsvAnalyzer.java:63: error: self-closing element not allowed
[ERROR] *         rowContentToSearch = FBXAA<br/>
[ERROR] ^
[ERROR] C:\Repo\devonfw-testing\allure-framework-modules\allure-selenium-module\src\main\java\com\capgemini\ntc\selenium\download\CsvAnalyzer.java:107: error: self-closing element not allowed
[ERROR] * @return Value in specified cell <br/>
[ERROR] ^
[ERROR] C:\Repo\devonfw-testing\allure-framework-modules\allure-selenium-module\src\main\java\com\capgemini\ntc\selenium\download\CsvAnalyzer.java:108: error: self-closing element not allowed
[ERROR] *         <b>Example:</b> We need content from 'Quantity' column from first row then arguments will be:<br/>
[ERROR] ^
[ERROR] C:\Repo\devonfw-testing\allure-framework-modules\allure-selenium-module\src\main\java\com\capgemini\ntc\selenium\download\CsvAnalyzer.java:109: error: self-closing element not allowed
[ERROR] *         columnName = Quantity<br/>
[ERROR] ^
[ERROR] C:\Repo\devonfw-testing\allure-framework-modules\allure-selenium-module\src\main\java\com\capgemini\ntc\selenium\download\CsvAnalyzer.java:110: error: self-closing element not allowed
[ERROR] *         rowNumber = 0<br/>
[ERROR] ^
[ERROR] C:\Repo\devonfw-testing\allure-framework-modules\allure-selenium-module\src\main\java\com\capgemini\ntc\selenium\download\CsvAnalyzer.java:140: error: self-closing element not allowed
[ERROR] * @return CSVRecord if row found <br/>
[ERROR] ^
[ERROR] C:\Repo\devonfw-testing\allure-framework-modules\allure-selenium-module\src\main\java\com\capgemini\ntc\selenium\download\CsvAnalyzer.java:141: error: self-closing element not allowed
[ERROR] *         <b>Example:</b> For account with FBXAA in 'Symbol' column we need whole row then arguments will be:<br/>
[ERROR] ^
[ERROR] C:\Repo\devonfw-testing\allure-framework-modules\allure-selenium-module\src\main\java\com\capgemini\ntc\selenium\download\CsvAnalyzer.java:142: error: self-closing element not allowed
[ERROR] *         columnNameToSearchIn = Symbol<br/>
[ERROR] ^
[ERROR] C:\Repo\devonfw-testing\allure-framework-modules\allure-selenium-module\src\main\java\com\capgemini\ntc\selenium\download\CsvAnalyzer.java:143: error: self-closing element not allowed
[ERROR] *         rowContentToSearch = FBXAA<br/>
[ERROR] ^
[ERROR] C:\Repo\devonfw-testing\allure-framework-modules\allure-selenium-module\src\main\java\com\capgemini\ntc\selenium\download\CsvAnalyzer.java:225: error: exception not thrown: java.io.IOException
[ERROR] * @throws IOException
[ERROR] ^
[ERROR] C:\Repo\devonfw-testing\allure-framework-modules\allure-selenium-module\src\main\java\com\capgemini\ntc\selenium\download\CsvAnalyzer.java:244: error: exception not thrown: java.io.IOException
[ERROR] * @throws IOException
[ERROR] ^
[ERROR] C:\Repo\devonfw-testing\allure-framework-modules\allure-selenium-module\src\main\java\com\capgemini\ntc\selenium\download\DownloadManager.java:139: error: @param name not found
[ERROR] * @param file
[ERROR] ^
[ERROR] C:\Repo\devonfw-testing\allure-framework-modules\allure-selenium-module\src\main\java\com\capgemini\ntc\selenium\jsoupHelper\JsoupHelper.java:209: error: unexpected text
[ERROR] * @throws {@link
[ERROR] ^
[ERROR] C:\Repo\devonfw-testing\allure-framework-modules\allure-selenium-module\src\main\java\com\capgemini\ntc\selenium\jsoupHelper\JsoupHelper.java:226: error: unexpected text
[ERROR] * @throws {@link
[ERROR] ^
[ERROR] 
[ERROR] Command line was: C:\Eclipse\testing-selenium-java-applications\java\jre\..\bin\javadoc.exe @options @packages
[ERROR] 
[ERROR] Refer to the generated Javadoc files in 'C:\Repo\devonfw-testing\allure-framework-modules\target\site\apidocs' dir.
[ERROR] -> [Help 1]
[ERROR] 
[ERROR] To see the full stack trace of the errors, re-run Maven with the -e switch.
[ERROR] Re-run Maven using the -X switch to enable full debug logging.
[ERROR] 
[ERROR] For more information about the errors and possible solutions, please read the following articles:
[ERROR] [Help 1] http://cwiki.apache.org/confluence/display/MAVEN/MojoExecutionException
