[INFO] Scanning for projects...
[INFO]                                                                         
[INFO] ------------------------------------------------------------------------
[INFO] Building AllureTestFramework - Test core - Module 1.0.0
[INFO] ------------------------------------------------------------------------
[INFO] 
[INFO] --- maven-clean-plugin:3.0.0:clean (default-clean) @ allure-core-module ---
[INFO] Deleting C:\Repo\devonfw-testing\allure-framework-modules\allure-core-module\target
[INFO] 
[INFO] --- maven-resources-plugin:2.6:resources (default-resources) @ allure-core-module ---
[INFO] Using 'UTF8' encoding to copy filtered resources.
[INFO] skip non existing resourceDirectory C:\Repo\devonfw-testing\allure-framework-modules\allure-core-module\src\main\resources
[INFO] 
[INFO] --- maven-compiler-plugin:3.6.1:compile (default-compile) @ allure-core-module ---
[INFO] Changes detected - recompiling the module!
[INFO] Compiling 36 source files to C:\Repo\devonfw-testing\allure-framework-modules\allure-core-module\target\classes
[INFO] 
[INFO] --- maven-resources-plugin:2.6:testResources (default-testResources) @ allure-core-module ---
[INFO] Using 'UTF8' encoding to copy filtered resources.
[INFO] Copying 1 resource
[INFO] 
[INFO] --- maven-compiler-plugin:3.6.1:testCompile (default-testCompile) @ allure-core-module ---
[INFO] Changes detected - recompiling the module!
[INFO] Compiling 9 source files to C:\Repo\devonfw-testing\allure-framework-modules\allure-core-module\target\test-classes
[INFO] 
[INFO] --- maven-surefire-plugin:2.19.1:test (default-test) @ allure-core-module ---
[INFO] Tests are skipped.
[INFO] 
[INFO] --- maven-jar-plugin:2.4:jar (default-jar) @ allure-core-module ---
[INFO] Building jar: C:\Repo\devonfw-testing\allure-framework-modules\allure-core-module\target\allure-core-module-1.0.0.jar
[INFO] 
[INFO] --- maven-source-plugin:2.2.1:jar-no-fork (attach-sources) @ allure-core-module ---
[INFO] Building jar: C:\Repo\devonfw-testing\allure-framework-modules\allure-core-module\target\allure-core-module-1.0.0-sources.jar
[INFO] 
[INFO] --- maven-javadoc-plugin:2.9.1:jar (attach-javadocs) @ allure-core-module ---
[INFO] 
Loading source files for package com.capgemini.ntc.test.core.analytics...
Loading source files for package com.capgemini.ntc.test.core.base.environment...
Loading source files for package com.capgemini.ntc.test.core.base.environment.providers...
Loading source files for package com.capgemini.ntc.test.core.base.runtime...
Loading source files for package com.capgemini.ntc.test.core.base.user...
Loading source files for package com.capgemini.ntc.test.core...
Loading source files for package com.capgemini.ntc.test.core.exceptions...
Loading source files for package com.capgemini.ntc.test.core.logger...
Loading source files for package com.capgemini.ntc.test.core.testRunners.core...
Loading source files for package com.capgemini.ntc.test.core.testRunners...
Loading source files for package com.capgemini.ntc.test.core.utils.datadriven.json...
Loading source files for package com.capgemini.ntc.test.core.utils.datadriven...
Loading source files for package com.capgemini.ntc.test.core.utils.junitoolboxpi...
Loading source files for package com.capgemini.ntc.test.core.utils...
Constructing Javadoc information...
Standard Doclet version 1.8.0_60
Building tree for all the packages and classes...
Generating C:\Repo\devonfw-testing\allure-framework-modules\allure-core-module\target\apidocs\com\capgemini\ntc\test\core\analytics\AnalyticsCore.html...
Generating C:\Repo\devonfw-testing\allure-framework-modules\allure-core-module\target\apidocs\com\capgemini\ntc\test\core\analytics\IAnalytics.html...
Generating C:\Repo\devonfw-testing\allure-framework-modules\allure-core-module\target\apidocs\com\capgemini\ntc\test\core\base\environment\EnvironmentModule.html...
Generating C:\Repo\devonfw-testing\allure-framework-modules\allure-core-module\target\apidocs\com\capgemini\ntc\test\core\base\environment\GetEnvironmentParam.html...
Generating C:\Repo\devonfw-testing\allure-framework-modules\allure-core-module\target\apidocs\com\capgemini\ntc\test\core\base\environment\IEnvironmentService.html...
Generating C:\Repo\devonfw-testing\allure-framework-modules\allure-core-module\target\apidocs\com\capgemini\ntc\test\core\base\environment\providers\SpreadsheetEnvironmentService.html...
Generating C:\Repo\devonfw-testing\allure-framework-modules\allure-core-module\target\apidocs\com\capgemini\ntc\test\core\base\runtime\RuntimeParametersCore.html...
Generating C:\Repo\devonfw-testing\allure-framework-modules\allure-core-module\target\apidocs\com\capgemini\ntc\test\core\base\runtime\RuntimeParametersI.html...
Generating C:\Repo\devonfw-testing\allure-framework-modules\allure-core-module\target\apidocs\com\capgemini\ntc\test\core\base\user\AccountData.html...
Generating C:\Repo\devonfw-testing\allure-framework-modules\allure-core-module\target\apidocs\com\capgemini\ntc\test\core\base\user\AvailableUsers.html...
Generating C:\Repo\devonfw-testing\allure-framework-modules\allure-core-module\target\apidocs\com\capgemini\ntc\test\core\base\user\MapUserFile.html...
Generating C:\Repo\devonfw-testing\allure-framework-modules\allure-core-module\target\apidocs\com\capgemini\ntc\test\core\base\user\UserAccountPredicate.html...
Generating C:\Repo\devonfw-testing\allure-framework-modules\allure-core-module\target\apidocs\com\capgemini\ntc\test\core\base\user\UserData.html...
Generating C:\Repo\devonfw-testing\allure-framework-modules\allure-core-module\target\apidocs\com\capgemini\ntc\test\core\base\user\UserProvider.html...
Generating C:\Repo\devonfw-testing\allure-framework-modules\allure-core-module\target\apidocs\com\capgemini\ntc\test\core\base\user\UserProviderException.html...
Generating C:\Repo\devonfw-testing\allure-framework-modules\allure-core-module\target\apidocs\com\capgemini\ntc\test\core\BaseTest.html...
Generating C:\Repo\devonfw-testing\allure-framework-modules\allure-core-module\target\apidocs\com\capgemini\ntc\test\core\BaseTestWatcher.html...
Generating C:\Repo\devonfw-testing\allure-framework-modules\allure-core-module\target\apidocs\com\capgemini\ntc\test\core\BaseTestWatcher.TestClassRule.html...
Generating C:\Repo\devonfw-testing\allure-framework-modules\allure-core-module\target\apidocs\com\capgemini\ntc\test\core\IBaseTest.html...
Generating C:\Repo\devonfw-testing\allure-framework-modules\allure-core-module\target\apidocs\com\capgemini\ntc\test\core\ITestObserver.html...
Generating C:\Repo\devonfw-testing\allure-framework-modules\allure-core-module\target\apidocs\com\capgemini\ntc\test\core\SecuredProperties.html...
Generating C:\Repo\devonfw-testing\allure-framework-modules\allure-core-module\target\apidocs\com\capgemini\ntc\test\core\exceptions\BFInputDataException.html...
Generating C:\Repo\devonfw-testing\allure-framework-modules\allure-core-module\target\apidocs\com\capgemini\ntc\test\core\exceptions\BFWaitingTimeoutException.html...
Generating C:\Repo\devonfw-testing\allure-framework-modules\allure-core-module\target\apidocs\com\capgemini\ntc\test\core\logger\BFLogger.html...
Generating C:\Repo\devonfw-testing\allure-framework-modules\allure-core-module\target\apidocs\com\capgemini\ntc\test\core\logger\BFLogger.RestrictedMethods.html...
Generating C:\Repo\devonfw-testing\allure-framework-modules\allure-core-module\target\apidocs\com\capgemini\ntc\test\core\logger\BFLoggerInstance.html...
Generating C:\Repo\devonfw-testing\allure-framework-modules\allure-core-module\target\apidocs\com\capgemini\ntc\test\core\logger\EnvironmentLevel.html...
Generating C:\Repo\devonfw-testing\allure-framework-modules\allure-core-module\target\apidocs\com\capgemini\ntc\test\core\testRunners\core\BlockJUnit4ClassRunner.html...
Generating C:\Repo\devonfw-testing\allure-framework-modules\allure-core-module\target\apidocs\com\capgemini\ntc\test\core\testRunners\core\CustomRunAfters.html...
Generating C:\Repo\devonfw-testing\allure-framework-modules\allure-core-module\target\apidocs\com\capgemini\ntc\test\core\testRunners\core\ParametrizedTestMethodsFilter.html...
Generating C:\Repo\devonfw-testing\allure-framework-modules\allure-core-module\target\apidocs\com\capgemini\ntc\test\core\testRunners\ParallelParameterized.html...
Generating C:\Repo\devonfw-testing\allure-framework-modules\allure-core-module\target\apidocs\com\capgemini\ntc\test\core\testRunners\ParallelTestClassRunner.html...
Generating C:\Repo\devonfw-testing\allure-framework-modules\allure-core-module\target\apidocs\com\capgemini\ntc\test\core\utils\datadriven\json\JsonReader.html...
Generating C:\Repo\devonfw-testing\allure-framework-modules\allure-core-module\target\apidocs\com\capgemini\ntc\test\core\utils\datadriven\JsonDriven.html...
Generating C:\Repo\devonfw-testing\allure-framework-modules\allure-core-module\target\apidocs\com\capgemini\ntc\test\core\utils\junitoolboxpi\WildcardPatternSuiteBF.html...
Generating C:\Repo\devonfw-testing\allure-framework-modules\allure-core-module\target\apidocs\com\capgemini\ntc\test\core\utils\NumberUtils.html...
Generating C:\Repo\devonfw-testing\allure-framework-modules\allure-core-module\target\apidocs\com\capgemini\ntc\test\core\utils\StringComparator.html...
Generating C:\Repo\devonfw-testing\allure-framework-modules\allure-core-module\target\apidocs\overview-frame.html...
Generating C:\Repo\devonfw-testing\allure-framework-modules\allure-core-module\target\apidocs\com\capgemini\ntc\test\core\package-frame.html...
Generating C:\Repo\devonfw-testing\allure-framework-modules\allure-core-module\target\apidocs\com\capgemini\ntc\test\core\package-summary.html...
Generating C:\Repo\devonfw-testing\allure-framework-modules\allure-core-module\target\apidocs\com\capgemini\ntc\test\core\package-tree.html...
Generating C:\Repo\devonfw-testing\allure-framework-modules\allure-core-module\target\apidocs\com\capgemini\ntc\test\core\analytics\package-frame.html...
Generating C:\Repo\devonfw-testing\allure-framework-modules\allure-core-module\target\apidocs\com\capgemini\ntc\test\core\analytics\package-summary.html...
Generating C:\Repo\devonfw-testing\allure-framework-modules\allure-core-module\target\apidocs\com\capgemini\ntc\test\core\analytics\package-tree.html...
Generating C:\Repo\devonfw-testing\allure-framework-modules\allure-core-module\target\apidocs\com\capgemini\ntc\test\core\base\environment\package-frame.html...
Generating C:\Repo\devonfw-testing\allure-framework-modules\allure-core-module\target\apidocs\com\capgemini\ntc\test\core\base\environment\package-summary.html...
Generating C:\Repo\devonfw-testing\allure-framework-modules\allure-core-module\target\apidocs\com\capgemini\ntc\test\core\base\environment\package-tree.html...
Generating C:\Repo\devonfw-testing\allure-framework-modules\allure-core-module\target\apidocs\com\capgemini\ntc\test\core\base\environment\providers\package-frame.html...
Generating C:\Repo\devonfw-testing\allure-framework-modules\allure-core-module\target\apidocs\com\capgemini\ntc\test\core\base\environment\providers\package-summary.html...
Generating C:\Repo\devonfw-testing\allure-framework-modules\allure-core-module\target\apidocs\com\capgemini\ntc\test\core\base\environment\providers\package-tree.html...
Generating C:\Repo\devonfw-testing\allure-framework-modules\allure-core-module\target\apidocs\com\capgemini\ntc\test\core\base\runtime\package-frame.html...
Generating C:\Repo\devonfw-testing\allure-framework-modules\allure-core-module\target\apidocs\com\capgemini\ntc\test\core\base\runtime\package-summary.html...
Generating C:\Repo\devonfw-testing\allure-framework-modules\allure-core-module\target\apidocs\com\capgemini\ntc\test\core\base\runtime\package-tree.html...
Generating C:\Repo\devonfw-testing\allure-framework-modules\allure-core-module\target\apidocs\com\capgemini\ntc\test\core\base\user\package-frame.html...
Generating C:\Repo\devonfw-testing\allure-framework-modules\allure-core-module\target\apidocs\com\capgemini\ntc\test\core\base\user\package-summary.html...
Generating C:\Repo\devonfw-testing\allure-framework-modules\allure-core-module\target\apidocs\com\capgemini\ntc\test\core\base\user\package-tree.html...
Generating C:\Repo\devonfw-testing\allure-framework-modules\allure-core-module\target\apidocs\com\capgemini\ntc\test\core\exceptions\package-frame.html...
Generating C:\Repo\devonfw-testing\allure-framework-modules\allure-core-module\target\apidocs\com\capgemini\ntc\test\core\exceptions\package-summary.html...
Generating C:\Repo\devonfw-testing\allure-framework-modules\allure-core-module\target\apidocs\com\capgemini\ntc\test\core\exceptions\package-tree.html...
Generating C:\Repo\devonfw-testing\allure-framework-modules\allure-core-module\target\apidocs\com\capgemini\ntc\test\core\logger\package-frame.html...
Generating C:\Repo\devonfw-testing\allure-framework-modules\allure-core-module\target\apidocs\com\capgemini\ntc\test\core\logger\package-summary.html...
Generating C:\Repo\devonfw-testing\allure-framework-modules\allure-core-module\target\apidocs\com\capgemini\ntc\test\core\logger\package-tree.html...
Generating C:\Repo\devonfw-testing\allure-framework-modules\allure-core-module\target\apidocs\com\capgemini\ntc\test\core\testRunners\package-frame.html...
Generating C:\Repo\devonfw-testing\allure-framework-modules\allure-core-module\target\apidocs\com\capgemini\ntc\test\core\testRunners\package-summary.html...
Generating C:\Repo\devonfw-testing\allure-framework-modules\allure-core-module\target\apidocs\com\capgemini\ntc\test\core\testRunners\package-tree.html...
Generating C:\Repo\devonfw-testing\allure-framework-modules\allure-core-module\target\apidocs\com\capgemini\ntc\test\core\testRunners\core\package-frame.html...
Generating C:\Repo\devonfw-testing\allure-framework-modules\allure-core-module\target\apidocs\com\capgemini\ntc\test\core\testRunners\core\package-summary.html...
Generating C:\Repo\devonfw-testing\allure-framework-modules\allure-core-module\target\apidocs\com\capgemini\ntc\test\core\testRunners\core\package-tree.html...
Generating C:\Repo\devonfw-testing\allure-framework-modules\allure-core-module\target\apidocs\com\capgemini\ntc\test\core\utils\package-frame.html...
Generating C:\Repo\devonfw-testing\allure-framework-modules\allure-core-module\target\apidocs\com\capgemini\ntc\test\core\utils\package-summary.html...
Generating C:\Repo\devonfw-testing\allure-framework-modules\allure-core-module\target\apidocs\com\capgemini\ntc\test\core\utils\package-tree.html...
Generating C:\Repo\devonfw-testing\allure-framework-modules\allure-core-module\target\apidocs\com\capgemini\ntc\test\core\utils\datadriven\package-frame.html...
Generating C:\Repo\devonfw-testing\allure-framework-modules\allure-core-module\target\apidocs\com\capgemini\ntc\test\core\utils\datadriven\package-summary.html...
Generating C:\Repo\devonfw-testing\allure-framework-modules\allure-core-module\target\apidocs\com\capgemini\ntc\test\core\utils\datadriven\package-tree.html...
Generating C:\Repo\devonfw-testing\allure-framework-modules\allure-core-module\target\apidocs\com\capgemini\ntc\test\core\utils\datadriven\json\package-frame.html...
Generating C:\Repo\devonfw-testing\allure-framework-modules\allure-core-module\target\apidocs\com\capgemini\ntc\test\core\utils\datadriven\json\package-summary.html...
Generating C:\Repo\devonfw-testing\allure-framework-modules\allure-core-module\target\apidocs\com\capgemini\ntc\test\core\utils\datadriven\json\package-tree.html...
Generating C:\Repo\devonfw-testing\allure-framework-modules\allure-core-module\target\apidocs\com\capgemini\ntc\test\core\utils\junitoolboxpi\package-frame.html...
Generating C:\Repo\devonfw-testing\allure-framework-modules\allure-core-module\target\apidocs\com\capgemini\ntc\test\core\utils\junitoolboxpi\package-summary.html...
Generating C:\Repo\devonfw-testing\allure-framework-modules\allure-core-module\target\apidocs\com\capgemini\ntc\test\core\utils\junitoolboxpi\package-tree.html...
Generating C:\Repo\devonfw-testing\allure-framework-modules\allure-core-module\target\apidocs\constant-values.html...
Generating C:\Repo\devonfw-testing\allure-framework-modules\allure-core-module\target\apidocs\serialized-form.html...
Generating C:\Repo\devonfw-testing\allure-framework-modules\allure-core-module\target\apidocs\com\capgemini\ntc\test\core\analytics\class-use\IAnalytics.html...
Generating C:\Repo\devonfw-testing\allure-framework-modules\allure-core-module\target\apidocs\com\capgemini\ntc\test\core\analytics\class-use\AnalyticsCore.html...
Generating C:\Repo\devonfw-testing\allure-framework-modules\allure-core-module\target\apidocs\com\capgemini\ntc\test\core\base\environment\class-use\IEnvironmentService.html...
Generating C:\Repo\devonfw-testing\allure-framework-modules\allure-core-module\target\apidocs\com\capgemini\ntc\test\core\base\environment\class-use\GetEnvironmentParam.html...
Generating C:\Repo\devonfw-testing\allure-framework-modules\allure-core-module\target\apidocs\com\capgemini\ntc\test\core\base\environment\class-use\EnvironmentModule.html...
Generating C:\Repo\devonfw-testing\allure-framework-modules\allure-core-module\target\apidocs\com\capgemini\ntc\test\core\base\environment\providers\class-use\SpreadsheetEnvironmentService.html...
Generating C:\Repo\devonfw-testing\allure-framework-modules\allure-core-module\target\apidocs\com\capgemini\ntc\test\core\base\runtime\class-use\RuntimeParametersI.html...
Generating C:\Repo\devonfw-testing\allure-framework-modules\allure-core-module\target\apidocs\com\capgemini\ntc\test\core\base\runtime\class-use\RuntimeParametersCore.html...
Generating C:\Repo\devonfw-testing\allure-framework-modules\allure-core-module\target\apidocs\com\capgemini\ntc\test\core\base\user\class-use\UserProviderException.html...
Generating C:\Repo\devonfw-testing\allure-framework-modules\allure-core-module\target\apidocs\com\capgemini\ntc\test\core\base\user\class-use\UserProvider.html...
Generating C:\Repo\devonfw-testing\allure-framework-modules\allure-core-module\target\apidocs\com\capgemini\ntc\test\core\base\user\class-use\UserData.html...
Generating C:\Repo\devonfw-testing\allure-framework-modules\allure-core-module\target\apidocs\com\capgemini\ntc\test\core\base\user\class-use\UserAccountPredicate.html...
Generating C:\Repo\devonfw-testing\allure-framework-modules\allure-core-module\target\apidocs\com\capgemini\ntc\test\core\base\user\class-use\MapUserFile.html...
Generating C:\Repo\devonfw-testing\allure-framework-modules\allure-core-module\target\apidocs\com\capgemini\ntc\test\core\base\user\class-use\AvailableUsers.html...
Generating C:\Repo\devonfw-testing\allure-framework-modules\allure-core-module\target\apidocs\com\capgemini\ntc\test\core\base\user\class-use\AccountData.html...
Generating C:\Repo\devonfw-testing\allure-framework-modules\allure-core-module\target\apidocs\com\capgemini\ntc\test\core\class-use\SecuredProperties.html...
Generating C:\Repo\devonfw-testing\allure-framework-modules\allure-core-module\target\apidocs\com\capgemini\ntc\test\core\class-use\ITestObserver.html...
Generating C:\Repo\devonfw-testing\allure-framework-modules\allure-core-module\target\apidocs\com\capgemini\ntc\test\core\class-use\IBaseTest.html...
Generating C:\Repo\devonfw-testing\allure-framework-modules\allure-core-module\target\apidocs\com\capgemini\ntc\test\core\class-use\BaseTestWatcher.html...
Generating C:\Repo\devonfw-testing\allure-framework-modules\allure-core-module\target\apidocs\com\capgemini\ntc\test\core\class-use\BaseTestWatcher.TestClassRule.html...
Generating C:\Repo\devonfw-testing\allure-framework-modules\allure-core-module\target\apidocs\com\capgemini\ntc\test\core\class-use\BaseTest.html...
Generating C:\Repo\devonfw-testing\allure-framework-modules\allure-core-module\target\apidocs\com\capgemini\ntc\test\core\exceptions\class-use\BFWaitingTimeoutException.html...
Generating C:\Repo\devonfw-testing\allure-framework-modules\allure-core-module\target\apidocs\com\capgemini\ntc\test\core\exceptions\class-use\BFInputDataException.html...
Generating C:\Repo\devonfw-testing\allure-framework-modules\allure-core-module\target\apidocs\com\capgemini\ntc\test\core\logger\class-use\EnvironmentLevel.html...
Generating C:\Repo\devonfw-testing\allure-framework-modules\allure-core-module\target\apidocs\com\capgemini\ntc\test\core\logger\class-use\BFLoggerInstance.html...
Generating C:\Repo\devonfw-testing\allure-framework-modules\allure-core-module\target\apidocs\com\capgemini\ntc\test\core\logger\class-use\BFLogger.html...
Generating C:\Repo\devonfw-testing\allure-framework-modules\allure-core-module\target\apidocs\com\capgemini\ntc\test\core\logger\class-use\BFLogger.RestrictedMethods.html...
Generating C:\Repo\devonfw-testing\allure-framework-modules\allure-core-module\target\apidocs\com\capgemini\ntc\test\core\testRunners\core\class-use\ParametrizedTestMethodsFilter.html...
Generating C:\Repo\devonfw-testing\allure-framework-modules\allure-core-module\target\apidocs\com\capgemini\ntc\test\core\testRunners\core\class-use\CustomRunAfters.html...
Generating C:\Repo\devonfw-testing\allure-framework-modules\allure-core-module\target\apidocs\com\capgemini\ntc\test\core\testRunners\core\class-use\BlockJUnit4ClassRunner.html...
Generating C:\Repo\devonfw-testing\allure-framework-modules\allure-core-module\target\apidocs\com\capgemini\ntc\test\core\testRunners\class-use\ParallelTestClassRunner.html...
Generating C:\Repo\devonfw-testing\allure-framework-modules\allure-core-module\target\apidocs\com\capgemini\ntc\test\core\testRunners\class-use\ParallelParameterized.html...
Generating C:\Repo\devonfw-testing\allure-framework-modules\allure-core-module\target\apidocs\com\capgemini\ntc\test\core\utils\datadriven\json\class-use\JsonReader.html...
Generating C:\Repo\devonfw-testing\allure-framework-modules\allure-core-module\target\apidocs\com\capgemini\ntc\test\core\utils\datadriven\class-use\JsonDriven.html...
Generating C:\Repo\devonfw-testing\allure-framework-modules\allure-core-module\target\apidocs\com\capgemini\ntc\test\core\utils\junitoolboxpi\class-use\WildcardPatternSuiteBF.html...
Generating C:\Repo\devonfw-testing\allure-framework-modules\allure-core-module\target\apidocs\com\capgemini\ntc\test\core\utils\class-use\StringComparator.html...
Generating C:\Repo\devonfw-testing\allure-framework-modules\allure-core-module\target\apidocs\com\capgemini\ntc\test\core\utils\class-use\NumberUtils.html...
Generating C:\Repo\devonfw-testing\allure-framework-modules\allure-core-module\target\apidocs\com\capgemini\ntc\test\core\package-use.html...
Generating C:\Repo\devonfw-testing\allure-framework-modules\allure-core-module\target\apidocs\com\capgemini\ntc\test\core\analytics\package-use.html...
Generating C:\Repo\devonfw-testing\allure-framework-modules\allure-core-module\target\apidocs\com\capgemini\ntc\test\core\base\environment\package-use.html...
Generating C:\Repo\devonfw-testing\allure-framework-modules\allure-core-module\target\apidocs\com\capgemini\ntc\test\core\base\environment\providers\package-use.html...
Generating C:\Repo\devonfw-testing\allure-framework-modules\allure-core-module\target\apidocs\com\capgemini\ntc\test\core\base\runtime\package-use.html...
Generating C:\Repo\devonfw-testing\allure-framework-modules\allure-core-module\target\apidocs\com\capgemini\ntc\test\core\base\user\package-use.html...
Generating C:\Repo\devonfw-testing\allure-framework-modules\allure-core-module\target\apidocs\com\capgemini\ntc\test\core\exceptions\package-use.html...
Generating C:\Repo\devonfw-testing\allure-framework-modules\allure-core-module\target\apidocs\com\capgemini\ntc\test\core\logger\package-use.html...
Generating C:\Repo\devonfw-testing\allure-framework-modules\allure-core-module\target\apidocs\com\capgemini\ntc\test\core\testRunners\package-use.html...
Generating C:\Repo\devonfw-testing\allure-framework-modules\allure-core-module\target\apidocs\com\capgemini\ntc\test\core\testRunners\core\package-use.html...
Generating C:\Repo\devonfw-testing\allure-framework-modules\allure-core-module\target\apidocs\com\capgemini\ntc\test\core\utils\package-use.html...
Generating C:\Repo\devonfw-testing\allure-framework-modules\allure-core-module\target\apidocs\com\capgemini\ntc\test\core\utils\datadriven\package-use.html...
Generating C:\Repo\devonfw-testing\allure-framework-modules\allure-core-module\target\apidocs\com\capgemini\ntc\test\core\utils\datadriven\json\package-use.html...
Generating C:\Repo\devonfw-testing\allure-framework-modules\allure-core-module\target\apidocs\com\capgemini\ntc\test\core\utils\junitoolboxpi\package-use.html...
Building index for all the packages and classes...
Generating C:\Repo\devonfw-testing\allure-framework-modules\allure-core-module\target\apidocs\overview-tree.html...
Generating C:\Repo\devonfw-testing\allure-framework-modules\allure-core-module\target\apidocs\index-all.html...
Generating C:\Repo\devonfw-testing\allure-framework-modules\allure-core-module\target\apidocs\deprecated-list.html...
Building index for all classes...
Generating C:\Repo\devonfw-testing\allure-framework-modules\allure-core-module\target\apidocs\allclasses-frame.html...
Generating C:\Repo\devonfw-testing\allure-framework-modules\allure-core-module\target\apidocs\allclasses-noframe.html...
Generating C:\Repo\devonfw-testing\allure-framework-modules\allure-core-module\target\apidocs\index.html...
Generating C:\Repo\devonfw-testing\allure-framework-modules\allure-core-module\target\apidocs\overview-summary.html...
Generating C:\Repo\devonfw-testing\allure-framework-modules\allure-core-module\target\apidocs\help-doc.html...
8 errors
94 warnings
[INFO] ------------------------------------------------------------------------
[INFO] BUILD FAILURE
[INFO] ------------------------------------------------------------------------
[INFO] Total time: 11.570 s
[INFO] Finished at: 2017-12-14T08:06:31+01:00
[INFO] Final Memory: 42M/279M
[INFO] ------------------------------------------------------------------------
[ERROR] Failed to execute goal org.apache.maven.plugins:maven-javadoc-plugin:2.9.1:jar (attach-javadocs) on project allure-core-module: MavenReportException: Error while creating archive:
[ERROR] Exit code: 1 - C:\Repo\devonfw-testing\allure-framework-modules\allure-core-module\src\main\java\com\capgemini\ntc\test\core\base\environment\IEnvironmentService.java:13: warning: no description for @param
[ERROR] * @param environmentName
[ERROR] ^
[ERROR] C:\Repo\devonfw-testing\allure-framework-modules\allure-core-module\src\main\java\com\capgemini\ntc\test\core\base\environment\IEnvironmentService.java:18: warning: no description for @param
[ERROR] * @param serviceName
[ERROR] ^
[ERROR] C:\Repo\devonfw-testing\allure-framework-modules\allure-core-module\src\main\java\com\capgemini\ntc\test\core\base\environment\providers\SpreadsheetEnvironmentService.java:73: warning: no description for @param
[ERROR] * @param environmentName
[ERROR] ^
[ERROR] C:\Repo\devonfw-testing\allure-framework-modules\allure-core-module\src\main\java\com\capgemini\ntc\test\core\base\environment\providers\SpreadsheetEnvironmentService.java:80: warning: no description for @param
[ERROR] * @param serviceName
[ERROR] ^
[ERROR] C:\Repo\devonfw-testing\allure-framework-modules\allure-core-module\src\main\java\com\capgemini\ntc\test\core\base\environment\providers\SpreadsheetEnvironmentService.java:24: warning: no description for @author
[ERROR] * @author
[ERROR] ^
[ERROR] C:\Repo\devonfw-testing\allure-framework-modules\allure-core-module\src\main\java\com\capgemini\ntc\test\core\base\user\AccountData.java:7: warning: no description for @author
[ERROR] * @author
[ERROR] ^
[ERROR] C:\Repo\devonfw-testing\allure-framework-modules\allure-core-module\src\main\java\com\capgemini\ntc\test\core\base\user\AvailableUsers.java:28: warning: no description for @param
[ERROR] * @param data
[ERROR] ^
[ERROR] C:\Repo\devonfw-testing\allure-framework-modules\allure-core-module\src\main\java\com\capgemini\ntc\test\core\base\user\AvailableUsers.java:37: warning: no description for @param
[ERROR] * @param accountPredicate
[ERROR] ^
[ERROR] C:\Repo\devonfw-testing\allure-framework-modules\allure-core-module\src\main\java\com\capgemini\ntc\test\core\base\user\AvailableUsers.java:38: warning: no description for @return
[ERROR] * @return
[ERROR] ^
[ERROR] C:\Repo\devonfw-testing\allure-framework-modules\allure-core-module\src\main\java\com\capgemini\ntc\test\core\base\user\AvailableUsers.java:59: warning: no description for @return
[ERROR] * @return
[ERROR] ^
[ERROR] C:\Repo\devonfw-testing\allure-framework-modules\allure-core-module\src\main\java\com\capgemini\ntc\test\core\base\user\AvailableUsers.java:83: warning: no description for @return
[ERROR] * @return
[ERROR] ^
[ERROR] C:\Repo\devonfw-testing\allure-framework-modules\allure-core-module\src\main\java\com\capgemini\ntc\test\core\base\user\AvailableUsers.java:12: warning: no description for @author
[ERROR] * @author
[ERROR] ^
[ERROR] C:\Repo\devonfw-testing\allure-framework-modules\allure-core-module\src\main\java\com\capgemini\ntc\test\core\base\user\MapUserFile.java:49: warning: no description for @param
[ERROR] * @param jsonFile
[ERROR] ^
[ERROR] C:\Repo\devonfw-testing\allure-framework-modules\allure-core-module\src\main\java\com\capgemini\ntc\test\core\base\user\MapUserFile.java:50: warning: no description for @return
[ERROR] * @return
[ERROR] ^
[ERROR] C:\Repo\devonfw-testing\allure-framework-modules\allure-core-module\src\main\java\com\capgemini\ntc\test\core\base\user\MapUserFile.java:51: warning: no description for @throws
[ERROR] * @throws JSONException
[ERROR] ^
[ERROR] C:\Repo\devonfw-testing\allure-framework-modules\allure-core-module\src\main\java\com\capgemini\ntc\test\core\base\user\MapUserFile.java:16: warning: no description for @author
[ERROR] * @author
[ERROR] ^
[ERROR] C:\Repo\devonfw-testing\allure-framework-modules\allure-core-module\src\main\java\com\capgemini\ntc\test\core\base\user\UserAccountPredicate.java:56: warning: no description for @return
[ERROR] * @return
[ERROR] ^
[ERROR] C:\Repo\devonfw-testing\allure-framework-modules\allure-core-module\src\main\java\com\capgemini\ntc\test\core\base\user\UserAccountPredicate.java:7: error: self-closing element not allowed
[ERROR] * Preconditions used to filter from USER repository. <br/>
[ERROR] ^
[ERROR] C:\Repo\devonfw-testing\allure-framework-modules\allure-core-module\src\main\java\com\capgemini\ntc\test\core\base\user\UserAccountPredicate.java:10: warning: no description for @author
[ERROR] * @author
[ERROR] ^
[ERROR] C:\Repo\devonfw-testing\allure-framework-modules\allure-core-module\src\main\java\com\capgemini\ntc\test\core\base\user\UserData.java:100: warning: no description for @param
[ERROR] * @param accountPredicate
[ERROR] ^
[ERROR] C:\Repo\devonfw-testing\allure-framework-modules\allure-core-module\src\main\java\com\capgemini\ntc\test\core\base\user\UserData.java:101: warning: no description for @return
[ERROR] * @return
[ERROR] ^
[ERROR] C:\Repo\devonfw-testing\allure-framework-modules\allure-core-module\src\main\java\com\capgemini\ntc\test\core\base\user\UserData.java:11: warning: no description for @author
[ERROR] * @author
[ERROR] ^
[ERROR] C:\Repo\devonfw-testing\allure-framework-modules\allure-core-module\src\main\java\com\capgemini\ntc\test\core\base\user\UserProvider.java:36: warning: no description for @return
[ERROR] * @return
[ERROR] ^
[ERROR] C:\Repo\devonfw-testing\allure-framework-modules\allure-core-module\src\main\java\com\capgemini\ntc\test\core\base\user\UserProvider.java:37: warning: no description for @throws
[ERROR] * @throws JSONException
[ERROR] ^
[ERROR] C:\Repo\devonfw-testing\allure-framework-modules\allure-core-module\src\main\java\com\capgemini\ntc\test\core\base\user\UserProvider.java:38: warning: no description for @throws
[ERROR] * @throws BFInputDataException
[ERROR] ^
[ERROR] C:\Repo\devonfw-testing\allure-framework-modules\allure-core-module\src\main\java\com\capgemini\ntc\test\core\base\user\UserProvider.java:55: warning: no description for @param
[ERROR] * @param environmentName
[ERROR] ^
[ERROR] C:\Repo\devonfw-testing\allure-framework-modules\allure-core-module\src\main\java\com\capgemini\ntc\test\core\base\user\UserProvider.java:75: warning: no description for @param
[ERROR] * @param accountPredicate
[ERROR] ^
[ERROR] C:\Repo\devonfw-testing\allure-framework-modules\allure-core-module\src\main\java\com\capgemini\ntc\test\core\base\user\UserProvider.java:76: warning: no description for @return
[ERROR] * @return
[ERROR] ^
[ERROR] C:\Repo\devonfw-testing\allure-framework-modules\allure-core-module\src\main\java\com\capgemini\ntc\test\core\base\user\UserProvider.java:17: warning: no description for @author
[ERROR] * @author
[ERROR] ^
[ERROR] C:\Repo\devonfw-testing\allure-framework-modules\allure-core-module\src\main\java\com\capgemini\ntc\test\core\base\user\UserProviderException.java:8: warning: no description for @author
[ERROR] * @author
[ERROR] ^
[ERROR] C:\Repo\devonfw-testing\allure-framework-modules\allure-core-module\src\main\java\com\capgemini\ntc\test\core\exceptions\BFInputDataException.java:18: warning: no description for @param
[ERROR] * @param message
[ERROR] ^
[ERROR] C:\Repo\devonfw-testing\allure-framework-modules\allure-core-module\src\main\java\com\capgemini\ntc\test\core\exceptions\BFWaitingTimeoutException.java:20: warning: no description for @param
[ERROR] * @param componentName
[ERROR] ^
[ERROR] C:\Repo\devonfw-testing\allure-framework-modules\allure-core-module\src\main\java\com\capgemini\ntc\test\core\exceptions\BFWaitingTimeoutException.java:21: warning: no description for @param
[ERROR] * @param timeout
[ERROR] ^
[ERROR] C:\Repo\devonfw-testing\allure-framework-modules\allure-core-module\src\main\java\com\capgemini\ntc\test\core\logger\BFLogger.java:57: warning: no description for @author
[ERROR] * @author
[ERROR] ^
[ERROR] C:\Repo\devonfw-testing\allure-framework-modules\allure-core-module\src\main\java\com\capgemini\ntc\test\core\logger\BFLogger.java:73: warning: no description for @return
[ERROR] * @return
[ERROR] ^
[ERROR] C:\Repo\devonfw-testing\allure-framework-modules\allure-core-module\src\main\java\com\capgemini\ntc\test\core\logger\BFLoggerInstance.java:198: warning: no description for @return
[ERROR] * @return
[ERROR] ^
[ERROR] C:\Repo\devonfw-testing\allure-framework-modules\allure-core-module\src\main\java\com\capgemini\ntc\test\core\logger\EnvironmentLevel.java:17: warning: no @param for arg0
[ERROR] protected EnvironmentLevel(int arg0, String arg1, int arg2) {
[ERROR] ^
[ERROR] C:\Repo\devonfw-testing\allure-framework-modules\allure-core-module\src\main\java\com\capgemini\ntc\test\core\logger\EnvironmentLevel.java:17: warning: no @param for arg1
[ERROR] protected EnvironmentLevel(int arg0, String arg1, int arg2) {
[ERROR] ^
[ERROR] C:\Repo\devonfw-testing\allure-framework-modules\allure-core-module\src\main\java\com\capgemini\ntc\test\core\logger\EnvironmentLevel.java:17: warning: no @param for arg2
[ERROR] protected EnvironmentLevel(int arg0, String arg1, int arg2) {
[ERROR] ^
[ERROR] C:\Repo\devonfw-testing\allure-framework-modules\allure-core-module\src\main\java\com\capgemini\ntc\test\core\testRunners\core\BlockJUnit4ClassRunner.java:118: warning: no @return
[ERROR] protected List<FrameworkMethod> computeTestMethods() {
[ERROR] ^
[ERROR] C:\Repo\devonfw-testing\allure-framework-modules\allure-core-module\src\main\java\com\capgemini\ntc\test\core\testRunners\core\BlockJUnit4ClassRunner.java:144: warning: no @param for errors
[ERROR] protected void validateConstructor(List<Throwable> errors) {
[ERROR] ^
[ERROR] C:\Repo\devonfw-testing\allure-framework-modules\allure-core-module\src\main\java\com\capgemini\ntc\test\core\testRunners\core\BlockJUnit4ClassRunner.java:152: warning: no @param for errors
[ERROR] protected void validateOnlyOneConstructor(List<Throwable> errors) {
[ERROR] ^
[ERROR] C:\Repo\devonfw-testing\allure-framework-modules\allure-core-module\src\main\java\com\capgemini\ntc\test\core\testRunners\core\BlockJUnit4ClassRunner.java:162: warning: no @param for errors
[ERROR] protected void validateZeroArgConstructor(List<Throwable> errors) {
[ERROR] ^
[ERROR] C:\Repo\devonfw-testing\allure-framework-modules\allure-core-module\src\main\java\com\capgemini\ntc\test\core\testRunners\core\BlockJUnit4ClassRunner.java:179: warning: no @param for errors
[ERROR] protected void validateInstanceMethods(List<Throwable> errors) {
[ERROR] ^
[ERROR] C:\Repo\devonfw-testing\allure-framework-modules\allure-core-module\src\main\java\com\capgemini\ntc\test\core\testRunners\core\BlockJUnit4ClassRunner.java:201: warning: no @param for errors
[ERROR] protected void validateTestMethods(List<Throwable> errors) {
[ERROR] ^
[ERROR] C:\Repo\devonfw-testing\allure-framework-modules\allure-core-module\src\main\java\com\capgemini\ntc\test\core\testRunners\core\BlockJUnit4ClassRunner.java:209: warning: no @return
[ERROR] protected Object createTest() throws Exception {
[ERROR] ^
[ERROR] C:\Repo\devonfw-testing\allure-framework-modules\allure-core-module\src\main\java\com\capgemini\ntc\test\core\testRunners\core\BlockJUnit4ClassRunner.java:209: warning: no @throws for java.lang.Exception
[ERROR] protected Object createTest() throws Exception {
[ERROR] ^
[ERROR] C:\Repo\devonfw-testing\allure-framework-modules\allure-core-module\src\main\java\com\capgemini\ntc\test\core\testRunners\core\BlockJUnit4ClassRunner.java:217: warning: no @param for method
[ERROR] protected String testName(FrameworkMethod method) {
[ERROR] ^
[ERROR] C:\Repo\devonfw-testing\allure-framework-modules\allure-core-module\src\main\java\com\capgemini\ntc\test\core\testRunners\core\BlockJUnit4ClassRunner.java:217: warning: no @return
[ERROR] protected String testName(FrameworkMethod method) {
[ERROR] ^
[ERROR] C:\Repo\devonfw-testing\allure-framework-modules\allure-core-module\src\main\java\com\capgemini\ntc\test\core\testRunners\core\BlockJUnit4ClassRunner.java:248: warning: no @param for method
[ERROR] protected Statement methodBlock(FrameworkMethod method) {
[ERROR] ^
[ERROR] C:\Repo\devonfw-testing\allure-framework-modules\allure-core-module\src\main\java\com\capgemini\ntc\test\core\testRunners\core\BlockJUnit4ClassRunner.java:248: warning: no @return
[ERROR] protected Statement methodBlock(FrameworkMethod method) {
[ERROR] ^
[ERROR] C:\Repo\devonfw-testing\allure-framework-modules\allure-core-module\src\main\java\com\capgemini\ntc\test\core\testRunners\core\BlockJUnit4ClassRunner.java:277: warning: no @param for method
[ERROR] protected Statement methodInvoker(FrameworkMethod method, Object test) {
[ERROR] ^
[ERROR] C:\Repo\devonfw-testing\allure-framework-modules\allure-core-module\src\main\java\com\capgemini\ntc\test\core\testRunners\core\BlockJUnit4ClassRunner.java:277: warning: no @param for test
[ERROR] protected Statement methodInvoker(FrameworkMethod method, Object test) {
[ERROR] ^
[ERROR] C:\Repo\devonfw-testing\allure-framework-modules\allure-core-module\src\main\java\com\capgemini\ntc\test\core\testRunners\core\BlockJUnit4ClassRunner.java:277: warning: no @return
[ERROR] protected Statement methodInvoker(FrameworkMethod method, Object test) {
[ERROR] ^
[ERROR] C:\Repo\devonfw-testing\allure-framework-modules\allure-core-module\src\main\java\com\capgemini\ntc\test\core\testRunners\core\BlockJUnit4ClassRunner.java:285: warning: no @param for method
[ERROR] protected Statement possiblyExpectingExceptions(FrameworkMethod method, Object test, Statement next) {
[ERROR] ^
[ERROR] C:\Repo\devonfw-testing\allure-framework-modules\allure-core-module\src\main\java\com\capgemini\ntc\test\core\testRunners\core\BlockJUnit4ClassRunner.java:285: warning: no @param for test
[ERROR] protected Statement possiblyExpectingExceptions(FrameworkMethod method, Object test, Statement next) {
[ERROR] ^
[ERROR] C:\Repo\devonfw-testing\allure-framework-modules\allure-core-module\src\main\java\com\capgemini\ntc\test\core\testRunners\core\BlockJUnit4ClassRunner.java:285: warning: no @param for next
[ERROR] protected Statement possiblyExpectingExceptions(FrameworkMethod method, Object test, Statement next) {
[ERROR] ^
[ERROR] C:\Repo\devonfw-testing\allure-framework-modules\allure-core-module\src\main\java\com\capgemini\ntc\test\core\testRunners\core\BlockJUnit4ClassRunner.java:285: warning: no @return
[ERROR] protected Statement possiblyExpectingExceptions(FrameworkMethod method, Object test, Statement next) {
[ERROR] ^
[ERROR] C:\Repo\devonfw-testing\allure-framework-modules\allure-core-module\src\main\java\com\capgemini\ntc\test\core\testRunners\core\BlockJUnit4ClassRunner.java:295: warning: no @param for method
[ERROR] protected Statement withPotentialTimeout(FrameworkMethod method, Object test, Statement next) {
[ERROR] ^
[ERROR] C:\Repo\devonfw-testing\allure-framework-modules\allure-core-module\src\main\java\com\capgemini\ntc\test\core\testRunners\core\BlockJUnit4ClassRunner.java:295: warning: no @param for test
[ERROR] protected Statement withPotentialTimeout(FrameworkMethod method, Object test, Statement next) {
[ERROR] ^
[ERROR] C:\Repo\devonfw-testing\allure-framework-modules\allure-core-module\src\main\java\com\capgemini\ntc\test\core\testRunners\core\BlockJUnit4ClassRunner.java:295: warning: no @param for next
[ERROR] protected Statement withPotentialTimeout(FrameworkMethod method, Object test, Statement next) {
[ERROR] ^
[ERROR] C:\Repo\devonfw-testing\allure-framework-modules\allure-core-module\src\main\java\com\capgemini\ntc\test\core\testRunners\core\BlockJUnit4ClassRunner.java:295: warning: no @return
[ERROR] protected Statement withPotentialTimeout(FrameworkMethod method, Object test, Statement next) {
[ERROR] ^
[ERROR] C:\Repo\devonfw-testing\allure-framework-modules\allure-core-module\src\main\java\com\capgemini\ntc\test\core\testRunners\core\BlockJUnit4ClassRunner.java:307: warning: no @param for method
[ERROR] protected Statement withBefores(FrameworkMethod method, Object target, Statement statement) {
[ERROR] ^
[ERROR] C:\Repo\devonfw-testing\allure-framework-modules\allure-core-module\src\main\java\com\capgemini\ntc\test\core\testRunners\core\BlockJUnit4ClassRunner.java:307: warning: no @param for target
[ERROR] protected Statement withBefores(FrameworkMethod method, Object target, Statement statement) {
[ERROR] ^
[ERROR] C:\Repo\devonfw-testing\allure-framework-modules\allure-core-module\src\main\java\com\capgemini\ntc\test\core\testRunners\core\BlockJUnit4ClassRunner.java:307: warning: no @param for statement
[ERROR] protected Statement withBefores(FrameworkMethod method, Object target, Statement statement) {
[ERROR] ^
[ERROR] C:\Repo\devonfw-testing\allure-framework-modules\allure-core-module\src\main\java\com\capgemini\ntc\test\core\testRunners\core\BlockJUnit4ClassRunner.java:307: warning: no @return
[ERROR] protected Statement withBefores(FrameworkMethod method, Object target, Statement statement) {
[ERROR] ^
[ERROR] C:\Repo\devonfw-testing\allure-framework-modules\allure-core-module\src\main\java\com\capgemini\ntc\test\core\testRunners\core\BlockJUnit4ClassRunner.java:317: warning: no @param for method
[ERROR] protected Statement withAfters(FrameworkMethod method, Object target, Statement statement) {
[ERROR] ^
[ERROR] C:\Repo\devonfw-testing\allure-framework-modules\allure-core-module\src\main\java\com\capgemini\ntc\test\core\testRunners\core\BlockJUnit4ClassRunner.java:317: warning: no @param for target
[ERROR] protected Statement withAfters(FrameworkMethod method, Object target, Statement statement) {
[ERROR] ^
[ERROR] C:\Repo\devonfw-testing\allure-framework-modules\allure-core-module\src\main\java\com\capgemini\ntc\test\core\testRunners\core\BlockJUnit4ClassRunner.java:317: warning: no @param for statement
[ERROR] protected Statement withAfters(FrameworkMethod method, Object target, Statement statement) {
[ERROR] ^
[ERROR] C:\Repo\devonfw-testing\allure-framework-modules\allure-core-module\src\main\java\com\capgemini\ntc\test\core\testRunners\core\BlockJUnit4ClassRunner.java:317: warning: no @return
[ERROR] protected Statement withAfters(FrameworkMethod method, Object target, Statement statement) {
[ERROR] ^
[ERROR] C:\Repo\devonfw-testing\allure-framework-modules\allure-core-module\src\main\java\com\capgemini\ntc\test\core\testRunners\core\BlockJUnit4ClassRunner.java:66: warning: no @param for klass
[ERROR] public BlockJUnit4ClassRunner(Class<?> klass) throws InitializationError {
[ERROR] ^
[ERROR] C:\Repo\devonfw-testing\allure-framework-modules\allure-core-module\src\main\java\com\capgemini\ntc\test\core\testRunners\core\CustomRunAfters.java:19: warning: no description for @author
[ERROR] * @author
[ERROR] ^
[ERROR] C:\Repo\devonfw-testing\allure-framework-modules\allure-core-module\src\main\java\com\capgemini\ntc\test\core\testRunners\ParallelTestClassRunner.java:22: warning: no description for @author
[ERROR] * @author
[ERROR] ^
[ERROR] C:\Repo\devonfw-testing\allure-framework-modules\allure-core-module\src\main\java\com\capgemini\ntc\test\core\utils\datadriven\json\JsonReader.java:23: warning: no description for @param
[ERROR] * @param jsonFile
[ERROR] ^
[ERROR] C:\Repo\devonfw-testing\allure-framework-modules\allure-core-module\src\main\java\com\capgemini\ntc\test\core\utils\datadriven\json\JsonReader.java:24: warning: no description for @return
[ERROR] * @return
[ERROR] ^
[ERROR] C:\Repo\devonfw-testing\allure-framework-modules\allure-core-module\src\main\java\com\capgemini\ntc\test\core\utils\NumberUtils.java:25: error: bad use of '>'
[ERROR] * Checks if input text is a amount and returns value of it (ie. -$23.15 --> -23.15) Warning if given textValue is
[ERROR] ^
[ERROR] C:\Repo\devonfw-testing\allure-framework-modules\allure-core-module\src\main\java\com\capgemini\ntc\test\core\utils\NumberUtils.java:28: error: @param name not found
[ERROR] * @param textValue
[ERROR] ^
[ERROR] C:\Repo\devonfw-testing\allure-framework-modules\allure-core-module\src\main\java\com\capgemini\ntc\test\core\utils\NumberUtils.java:28: warning: no description for @param
[ERROR] * @param textValue
[ERROR] ^
[ERROR] C:\Repo\devonfw-testing\allure-framework-modules\allure-core-module\src\main\java\com\capgemini\ntc\test\core\utils\NumberUtils.java:31: warning: no @param for text
[ERROR] public static BigDecimal getValueFromStringAmount(String text) {
[ERROR] ^
[ERROR] C:\Repo\devonfw-testing\allure-framework-modules\allure-core-module\src\main\java\com\capgemini\ntc\test\core\utils\NumberUtils.java:42: warning: no description for @param
[ERROR] * @param textValue
[ERROR] ^
[ERROR] C:\Repo\devonfw-testing\allure-framework-modules\allure-core-module\src\main\java\com\capgemini\ntc\test\core\utils\NumberUtils.java:63: error: @param name not found
[ERROR] * @param textValue
[ERROR] ^
[ERROR] C:\Repo\devonfw-testing\allure-framework-modules\allure-core-module\src\main\java\com\capgemini\ntc\test\core\utils\NumberUtils.java:63: warning: no description for @param
[ERROR] * @param textValue
[ERROR] ^
[ERROR] C:\Repo\devonfw-testing\allure-framework-modules\allure-core-module\src\main\java\com\capgemini\ntc\test\core\utils\NumberUtils.java:66: warning: no @param for textValues
[ERROR] public static BigDecimal[] convertTextValueToDecimal(final String[] textValues) {
[ERROR] ^
[ERROR] C:\Repo\devonfw-testing\allure-framework-modules\allure-core-module\src\main\java\com\capgemini\ntc\test\core\utils\NumberUtils.java:74: error: @param name not found
[ERROR] * @param textValue
[ERROR] ^
[ERROR] C:\Repo\devonfw-testing\allure-framework-modules\allure-core-module\src\main\java\com\capgemini\ntc\test\core\utils\NumberUtils.java:74: warning: no description for @param
[ERROR] * @param textValue
[ERROR] ^
[ERROR] C:\Repo\devonfw-testing\allure-framework-modules\allure-core-module\src\main\java\com\capgemini\ntc\test\core\utils\NumberUtils.java:77: warning: no @param for textValues
[ERROR] public static BigDecimal[] convertTextValueToDecimal(final Iterable<String> textValues) {
[ERROR] ^
[ERROR] C:\Repo\devonfw-testing\allure-framework-modules\allure-core-module\src\main\java\com\capgemini\ntc\test\core\utils\NumberUtils.java:89: warning: no description for @param
[ERROR] * @param textValue
[ERROR] ^
[ERROR] C:\Repo\devonfw-testing\allure-framework-modules\allure-core-module\src\main\java\com\capgemini\ntc\test\core\utils\NumberUtils.java:100: warning: no description for @param
[ERROR] * @param textValue
[ERROR] ^
[ERROR] C:\Repo\devonfw-testing\allure-framework-modules\allure-core-module\src\main\java\com\capgemini\ntc\test\core\utils\NumberUtils.java:130: error: malformed HTML
[ERROR] * value (exclusive) - <0, seed)
[ERROR] ^
[ERROR] C:\Repo\devonfw-testing\allure-framework-modules\allure-core-module\src\main\java\com\capgemini\ntc\test\core\utils\NumberUtils.java:135: warning: no @return
[ERROR] public static int getRandomInteger(int seed) {
[ERROR] ^
[ERROR] C:\Repo\devonfw-testing\allure-framework-modules\allure-core-module\src\main\java\com\capgemini\ntc\test\core\utils\NumberUtils.java:143: warning: no description for @param
[ERROR] * @param percent
[ERROR] ^
[ERROR] C:\Repo\devonfw-testing\allure-framework-modules\allure-core-module\src\main\java\com\capgemini\ntc\test\core\utils\NumberUtils.java:145: warning: no description for @author
[ERROR] * @author
[ERROR] ^
[ERROR] C:\Repo\devonfw-testing\allure-framework-modules\allure-core-module\src\main\java\com\capgemini\ntc\test\core\utils\NumberUtils.java:157: error: bad use of '>'
[ERROR] * Checks if input text is a value, converts it and returns value as String (ie. 1.1460001 --> 1.15 - with precision
[ERROR] ^
[ERROR] C:\Repo\devonfw-testing\allure-framework-modules\allure-core-module\src\main\java\com\capgemini\ntc\test\core\utils\NumberUtils.java:162: warning: no description for @param
[ERROR] * @param precision
[ERROR] ^
[ERROR] C:\Repo\devonfw-testing\allure-framework-modules\allure-core-module\src\main\java\com\capgemini\ntc\test\core\utils\NumberUtils.java:176: error: bad use of '>'
[ERROR] * Checks if input text is a value, converts it and returns value as String (ie. 1.1460001 --> 1.15 - with precision
[ERROR] ^
[ERROR] C:\Repo\devonfw-testing\allure-framework-modules\allure-core-module\src\main\java\com\capgemini\ntc\test\core\utils\NumberUtils.java:181: warning: no description for @param
[ERROR] * @param precision
[ERROR] ^
[ERROR] C:\Repo\devonfw-testing\allure-framework-modules\allure-core-module\src\main\java\com\capgemini\ntc\test\core\utils\NumberUtils.java:196: warning: no @param for f1
[ERROR] public static boolean isBigDecimalDifferent(BigDecimal f1, BigDecimal f2) {
[ERROR] ^
[ERROR] C:\Repo\devonfw-testing\allure-framework-modules\allure-core-module\src\main\java\com\capgemini\ntc\test\core\utils\NumberUtils.java:196: warning: no @param for f2
[ERROR] public static boolean isBigDecimalDifferent(BigDecimal f1, BigDecimal f2) {
[ERROR] ^
[ERROR] C:\Repo\devonfw-testing\allure-framework-modules\allure-core-module\src\main\java\com\capgemini\ntc\test\core\utils\NumberUtils.java:205: warning: no @param for f1
[ERROR] static public boolean isBigDecimalDifferent(BigDecimal f1, BigDecimal f2, BigDecimal delta) {
[ERROR] ^
[ERROR] C:\Repo\devonfw-testing\allure-framework-modules\allure-core-module\src\main\java\com\capgemini\ntc\test\core\utils\NumberUtils.java:205: warning: no @param for f2
[ERROR] static public boolean isBigDecimalDifferent(BigDecimal f1, BigDecimal f2, BigDecimal delta) {
[ERROR] ^
[ERROR] C:\Repo\devonfw-testing\allure-framework-modules\allure-core-module\src\main\java\com\capgemini\ntc\test\core\utils\NumberUtils.java:205: warning: no @param for delta
[ERROR] static public boolean isBigDecimalDifferent(BigDecimal f1, BigDecimal f2, BigDecimal delta) {
[ERROR] ^
[ERROR] C:\Repo\devonfw-testing\allure-framework-modules\allure-core-module\src\main\java\com\capgemini\ntc\test\core\utils\NumberUtils.java:14: warning: no description for @author
[ERROR] * @author
[ERROR] ^
[ERROR] 
[ERROR] Command line was: C:\Eclipse\testing-selenium-java-applications\java\jre\..\bin\javadoc.exe @options @packages
[ERROR] 
[ERROR] Refer to the generated Javadoc files in 'C:\Repo\devonfw-testing\allure-framework-modules\allure-core-module\target\apidocs' dir.
[ERROR] -> [Help 1]
[ERROR] 
[ERROR] To see the full stack trace of the errors, re-run Maven with the -e switch.
[ERROR] Re-run Maven using the -X switch to enable full debug logging.
[ERROR] 
[ERROR] For more information about the errors and possible solutions, please read the following articles:
[ERROR] [Help 1] http://cwiki.apache.org/confluence/display/MAVEN/MojoExecutionException
